{"D:\\laian\\Desktop\\Yaman\\projects\\yasca-dental\\frontend\\src\\app\\App.tsx": {"path":"D:\\laian\\Desktop\\Yaman\\projects\\yasca-dental\\frontend\\src\\app\\App.tsx","statementMap":{"0":{"start":{"line":12,"column":51},"end":{"line":12,"column":null}},"1":{"start":{"line":14,"column":2},"end":{"line":20,"column":null}},"2":{"start":{"line":15,"column":4},"end":{"line":18,"column":null}},"3":{"start":{"line":22,"column":2},"end":{"line":24,"column":null}},"4":{"start":{"line":23,"column":4},"end":{"line":23,"column":null}},"5":{"start":{"line":26,"column":8},"end":{"line":26,"column":null}},"6":{"start":{"line":27,"column":18},"end":{"line":27,"column":null}},"7":{"start":{"line":29,"column":2},"end":{"line":41,"column":null}}},"fnMap":{"0":{"name":"App","decl":{"start":{"line":11,"column":24},"end":{"line":11,"column":30}},"loc":{"start":{"line":11,"column":30},"end":{"line":43,"column":null}},"line":11}},"branchMap":{"0":{"loc":{"start":{"line":14,"column":2},"end":{"line":20,"column":null}},"type":"if","locations":[{"start":{"line":14,"column":2},"end":{"line":20,"column":null}},{"start":{},"end":{}}],"line":14},"1":{"loc":{"start":{"line":22,"column":2},"end":{"line":24,"column":null}},"type":"if","locations":[{"start":{"line":22,"column":2},"end":{"line":24,"column":null}},{"start":{},"end":{}}],"line":22},"2":{"loc":{"start":{"line":22,"column":6},"end":{"line":22,"column":33}},"type":"binary-expr","locations":[{"start":{"line":22,"column":6},"end":{"line":22,"column":26}},{"start":{"line":22,"column":26},"end":{"line":22,"column":33}}],"line":22}},"s":{"0":0,"1":0,"2":0,"3":0,"4":0,"5":0,"6":0,"7":0},"f":{"0":0},"b":{"0":[0,0],"1":[0,0],"2":[0,0]},"meta":{"lastBranch":3,"lastFunction":1,"lastStatement":8,"seen":{"f:11:24:11:30":0,"s:12:51:12:Infinity":0,"b:14:2:20:Infinity:undefined:undefined:undefined:undefined":0,"s:14:2:20:Infinity":1,"s:15:4:18:Infinity":2,"b:22:2:24:Infinity:undefined:undefined:undefined:undefined":1,"s:22:2:24:Infinity":3,"b:22:6:22:26:22:26:22:33":2,"s:23:4:23:Infinity":4,"s:26:8:26:Infinity":5,"s:27:18:27:Infinity":6,"s:29:2:41:Infinity":7}}}
,"D:\\laian\\Desktop\\Yaman\\projects\\yasca-dental\\frontend\\src\\app\\components\\AppointmentCalendar.tsx": {"path":"D:\\laian\\Desktop\\Yaman\\projects\\yasca-dental\\frontend\\src\\app\\components\\AppointmentCalendar.tsx","statementMap":{"0":{"start":{"line":31,"column":30},"end":{"line":33,"column":null}},"1":{"start":{"line":32,"column":4},"end":{"line":32,"column":null}},"2":{"start":{"line":34,"column":38},"end":{"line":34,"column":null}},"3":{"start":{"line":35,"column":38},"end":{"line":35,"column":null}},"4":{"start":{"line":36,"column":46},"end":{"line":36,"column":null}},"5":{"start":{"line":37,"column":38},"end":{"line":37,"column":null}},"6":{"start":{"line":38,"column":52},"end":{"line":38,"column":null}},"7":{"start":{"line":39,"column":38},"end":{"line":39,"column":null}},"8":{"start":{"line":40,"column":28},"end":{"line":40,"column":null}},"9":{"start":{"line":41,"column":24},"end":{"line":41,"column":null}},"10":{"start":{"line":44,"column":32},"end":{"line":44,"column":null}},"11":{"start":{"line":45,"column":28},"end":{"line":45,"column":null}},"12":{"start":{"line":46,"column":30},"end":{"line":46,"column":null}},"13":{"start":{"line":49,"column":2},"end":{"line":65,"column":null}},"14":{"start":{"line":50,"column":4},"end":{"line":64,"column":null}},"15":{"start":{"line":52,"column":8},"end":{"line":54,"column":null}},"16":{"start":{"line":53,"column":10},"end":{"line":53,"column":null}},"17":{"start":{"line":55,"column":8},"end":{"line":57,"column":null}},"18":{"start":{"line":56,"column":10},"end":{"line":56,"column":null}},"19":{"start":{"line":58,"column":8},"end":{"line":60,"column":null}},"20":{"start":{"line":59,"column":10},"end":{"line":59,"column":null}},"21":{"start":{"line":67,"column":16},"end":{"line":67,"column":null}},"22":{"start":{"line":67,"column":70},"end":{"line":67,"column":83}},"23":{"start":{"line":69,"column":22},"end":{"line":87,"column":null}},"24":{"start":{"line":70,"column":25},"end":{"line":70,"column":null}},"25":{"start":{"line":71,"column":20},"end":{"line":71,"column":null}},"26":{"start":{"line":73,"column":22},"end":{"line":73,"column":null}},"27":{"start":{"line":74,"column":17},"end":{"line":74,"column":null}},"28":{"start":{"line":75,"column":4},"end":{"line":75,"column":null}},"29":{"start":{"line":76,"column":4},"end":{"line":85,"column":null}},"30":{"start":{"line":76,"column":17},"end":{"line":76,"column":20}},"31":{"start":{"line":77,"column":16},"end":{"line":77,"column":null}},"32":{"start":{"line":79,"column":20},"end":{"line":79,"column":null}},"33":{"start":{"line":80,"column":21},"end":{"line":80,"column":null}},"34":{"start":{"line":81,"column":6},"end":{"line":83,"column":null}},"35":{"start":{"line":82,"column":8},"end":{"line":82,"column":null}},"36":{"start":{"line":84,"column":6},"end":{"line":84,"column":null}},"37":{"start":{"line":86,"column":4},"end":{"line":86,"column":null}},"38":{"start":{"line":89,"column":19},"end":{"line":89,"column":null}},"39":{"start":{"line":91,"column":21},"end":{"line":91,"column":null}},"40":{"start":{"line":91,"column":37},"end":{"line":91,"column":null}},"41":{"start":{"line":92,"column":21},"end":{"line":92,"column":null}},"42":{"start":{"line":92,"column":39},"end":{"line":92,"column":null}},"43":{"start":{"line":94,"column":28},"end":{"line":100,"column":null}},"44":{"start":{"line":95,"column":4},"end":{"line":99,"column":null}},"45":{"start":{"line":102,"column":27},"end":{"line":119,"column":null}},"46":{"start":{"line":103,"column":4},"end":{"line":103,"column":null}},"47":{"start":{"line":104,"column":4},"end":{"line":104,"column":null}},"48":{"start":{"line":105,"column":4},"end":{"line":118,"column":null}},"49":{"start":{"line":106,"column":26},"end":{"line":106,"column":null}},"50":{"start":{"line":107,"column":33},"end":{"line":107,"column":null}},"51":{"start":{"line":108,"column":6},"end":{"line":111,"column":null}},"52":{"start":{"line":109,"column":21},"end":{"line":109,"column":null}},"53":{"start":{"line":110,"column":8},"end":{"line":110,"column":null}},"54":{"start":{"line":112,"column":6},"end":{"line":112,"column":null}},"55":{"start":{"line":114,"column":6},"end":{"line":114,"column":null}},"56":{"start":{"line":115,"column":6},"end":{"line":115,"column":null}},"57":{"start":{"line":117,"column":6},"end":{"line":117,"column":null}},"58":{"start":{"line":121,"column":2},"end":{"line":123,"column":null}},"59":{"start":{"line":122,"column":4},"end":{"line":122,"column":null}},"60":{"start":{"line":126,"column":33},"end":{"line":133,"column":null}},"61":{"start":{"line":127,"column":20},"end":{"line":127,"column":null}},"62":{"start":{"line":128,"column":4},"end":{"line":132,"column":null}},"63":{"start":{"line":129,"column":6},"end":{"line":129,"column":null}},"64":{"start":{"line":129,"column":32},"end":{"line":129,"column":null}},"65":{"start":{"line":130,"column":22},"end":{"line":130,"column":null}},"66":{"start":{"line":131,"column":6},"end":{"line":131,"column":null}},"67":{"start":{"line":135,"column":26},"end":{"line":141,"column":null}},"68":{"start":{"line":136,"column":4},"end":{"line":139,"column":null}},"69":{"start":{"line":140,"column":4},"end":{"line":140,"column":null}},"70":{"start":{"line":143,"column":33},"end":{"line":146,"column":null}},"71":{"start":{"line":144,"column":4},"end":{"line":144,"column":null}},"72":{"start":{"line":145,"column":4},"end":{"line":145,"column":null}},"73":{"start":{"line":148,"column":23},"end":{"line":153,"column":null}},"74":{"start":{"line":149,"column":20},"end":{"line":149,"column":null}},"75":{"start":{"line":150,"column":19},"end":{"line":150,"column":null}},"76":{"start":{"line":151,"column":4},"end":{"line":151,"column":null}},"77":{"start":{"line":152,"column":4},"end":{"line":152,"column":null}},"78":{"start":{"line":155,"column":25},"end":{"line":162,"column":null}},"79":{"start":{"line":156,"column":4},"end":{"line":161,"column":null}},"80":{"start":{"line":157,"column":24},"end":{"line":157,"column":null}},"81":{"start":{"line":158,"column":24},"end":{"line":158,"column":null}},"82":{"start":{"line":159,"column":22},"end":{"line":159,"column":null}},"83":{"start":{"line":160,"column":15},"end":{"line":160,"column":null}},"84":{"start":{"line":164,"column":32},"end":{"line":177,"column":null}},"85":{"start":{"line":165,"column":4},"end":{"line":177,"column":null}},"86":{"start":{"line":169,"column":8},"end":{"line":169,"column":null}},"87":{"start":{"line":170,"column":8},"end":{"line":170,"column":null}},"88":{"start":{"line":180,"column":2},"end":{"line":345,"column":null}},"89":{"start":{"line":189,"column":31},"end":{"line":189,"column":53}},"90":{"start":{"line":189,"column":53},"end":{"line":189,"column":104}},"91":{"start":{"line":196,"column":31},"end":{"line":196,"column":54}},"92":{"start":{"line":196,"column":54},"end":{"line":196,"column":106}},"93":{"start":{"line":212,"column":65},"end":{"line":212,"column":null}},"94":{"start":{"line":218,"column":29},"end":{"line":218,"column":null}},"95":{"start":{"line":222,"column":65},"end":{"line":222,"column":null}},"96":{"start":{"line":243,"column":22},"end":{"line":245,"column":null}},"97":{"start":{"line":252,"column":37},"end":{"line":255,"column":null}},"98":{"start":{"line":254,"column":47},"end":{"line":254,"column":87}},"99":{"start":{"line":256,"column":41},"end":{"line":256,"column":null}},"100":{"start":{"line":258,"column":20},"end":{"line":279,"column":null}},"101":{"start":{"line":267,"column":51},"end":{"line":267,"column":null}},"102":{"start":{"line":268,"column":26},"end":{"line":276,"column":null}},"103":{"start":{"line":273,"column":45},"end":{"line":273,"column":null}},"104":{"start":{"line":275,"column":61},"end":{"line":275,"column":116}},"105":{"start":{"line":288,"column":41},"end":{"line":288,"column":null}},"106":{"start":{"line":289,"column":16},"end":{"line":324,"column":null}},"107":{"start":{"line":294,"column":35},"end":{"line":294,"column":null}},"108":{"start":{"line":300,"column":26},"end":{"line":318,"column":null}},"109":{"start":{"line":304,"column":30},"end":{"line":304,"column":null}},"110":{"start":{"line":305,"column":30},"end":{"line":305,"column":null}},"111":{"start":{"line":334,"column":23},"end":{"line":334,"column":null}},"112":{"start":{"line":341,"column":23},"end":{"line":341,"column":null}}},"fnMap":{"0":{"name":"AppointmentCalendar","decl":{"start":{"line":30,"column":24},"end":{"line":30,"column":46}},"loc":{"start":{"line":30,"column":46},"end":{"line":347,"column":null}},"line":30},"1":{"name":"(anonymous_1)","decl":{"start":{"line":31,"column":53},"end":{"line":31,"column":59}},"loc":{"start":{"line":31,"column":59},"end":{"line":33,"column":3}},"line":31},"2":{"name":"(anonymous_2)","decl":{"start":{"line":49,"column":12},"end":{"line":49,"column":18}},"loc":{"start":{"line":49,"column":18},"end":{"line":65,"column":5}},"line":49},"3":{"name":"(anonymous_3)","decl":{"start":{"line":51,"column":12},"end":{"line":51,"column":13}},"loc":{"start":{"line":51,"column":42},"end":{"line":61,"column":7}},"line":51},"4":{"name":"(anonymous_4)","decl":{"start":{"line":62,"column":13},"end":{"line":62,"column":19}},"loc":{"start":{"line":62,"column":19},"end":{"line":64,"column":7}},"line":62},"5":{"name":"(anonymous_5)","decl":{"start":{"line":67,"column":60},"end":{"line":67,"column":61}},"loc":{"start":{"line":67,"column":70},"end":{"line":67,"column":83}},"line":67},"6":{"name":"(anonymous_6)","decl":{"start":{"line":69,"column":22},"end":{"line":69,"column":28}},"loc":{"start":{"line":69,"column":28},"end":{"line":87,"column":null}},"line":69},"7":{"name":"(anonymous_7)","decl":{"start":{"line":91,"column":21},"end":{"line":91,"column":22}},"loc":{"start":{"line":91,"column":37},"end":{"line":91,"column":null}},"line":91},"8":{"name":"(anonymous_8)","decl":{"start":{"line":92,"column":21},"end":{"line":92,"column":22}},"loc":{"start":{"line":92,"column":39},"end":{"line":92,"column":null}},"line":92},"9":{"name":"(anonymous_9)","decl":{"start":{"line":94,"column":28},"end":{"line":94,"column":29}},"loc":{"start":{"line":94,"column":44},"end":{"line":100,"column":null}},"line":94},"10":{"name":"(anonymous_10)","decl":{"start":{"line":102,"column":27},"end":{"line":102,"column":39}},"loc":{"start":{"line":102,"column":39},"end":{"line":119,"column":null}},"line":102},"11":{"name":"(anonymous_11)","decl":{"start":{"line":121,"column":12},"end":{"line":121,"column":18}},"loc":{"start":{"line":121,"column":18},"end":{"line":123,"column":5}},"line":121},"12":{"name":"(anonymous_12)","decl":{"start":{"line":126,"column":33},"end":{"line":126,"column":34}},"loc":{"start":{"line":126,"column":63},"end":{"line":133,"column":null}},"line":126},"13":{"name":"(anonymous_13)","decl":{"start":{"line":128,"column":31},"end":{"line":128,"column":32}},"loc":{"start":{"line":128,"column":40},"end":{"line":132,"column":5}},"line":128},"14":{"name":"(anonymous_14)","decl":{"start":{"line":135,"column":26},"end":{"line":135,"column":27}},"loc":{"start":{"line":135,"column":56},"end":{"line":141,"column":null}},"line":135},"15":{"name":"(anonymous_15)","decl":{"start":{"line":143,"column":33},"end":{"line":143,"column":34}},"loc":{"start":{"line":143,"column":55},"end":{"line":146,"column":null}},"line":143},"16":{"name":"(anonymous_16)","decl":{"start":{"line":148,"column":23},"end":{"line":148,"column":24}},"loc":{"start":{"line":148,"column":55},"end":{"line":153,"column":null}},"line":148},"17":{"name":"(anonymous_17)","decl":{"start":{"line":155,"column":25},"end":{"line":155,"column":26}},"loc":{"start":{"line":155,"column":45},"end":{"line":162,"column":null}},"line":155},"18":{"name":"(anonymous_18)","decl":{"start":{"line":164,"column":32},"end":{"line":164,"column":33}},"loc":{"start":{"line":165,"column":4},"end":{"line":177,"column":null}},"line":165},"19":{"name":"(anonymous_19)","decl":{"start":{"line":168,"column":15},"end":{"line":168,"column":16}},"loc":{"start":{"line":168,"column":22},"end":{"line":171,"column":null}},"line":168},"20":{"name":"(anonymous_20)","decl":{"start":{"line":189,"column":23},"end":{"line":189,"column":29}},"loc":{"start":{"line":189,"column":29},"end":{"line":189,"column":null}},"line":189},"21":{"name":"(anonymous_21)","decl":{"start":{"line":196,"column":23},"end":{"line":196,"column":29}},"loc":{"start":{"line":196,"column":29},"end":{"line":196,"column":null}},"line":196},"22":{"name":"(anonymous_22)","decl":{"start":{"line":212,"column":59},"end":{"line":212,"column":65}},"loc":{"start":{"line":212,"column":65},"end":{"line":212,"column":null}},"line":212},"23":{"name":"(anonymous_23)","decl":{"start":{"line":218,"column":23},"end":{"line":218,"column":29}},"loc":{"start":{"line":218,"column":29},"end":{"line":218,"column":null}},"line":218},"24":{"name":"(anonymous_24)","decl":{"start":{"line":222,"column":59},"end":{"line":222,"column":65}},"loc":{"start":{"line":222,"column":65},"end":{"line":222,"column":null}},"line":222},"25":{"name":"(anonymous_25)","decl":{"start":{"line":242,"column":34},"end":{"line":242,"column":35}},"loc":{"start":{"line":243,"column":22},"end":{"line":245,"column":null}},"line":243},"26":{"name":"(anonymous_26)","decl":{"start":{"line":250,"column":29},"end":{"line":250,"column":30}},"loc":{"start":{"line":250,"column":39},"end":{"line":281,"column":19}},"line":250},"27":{"name":"(anonymous_27)","decl":{"start":{"line":254,"column":38},"end":{"line":254,"column":39}},"loc":{"start":{"line":254,"column":47},"end":{"line":254,"column":87}},"line":254},"28":{"name":"(anonymous_28)","decl":{"start":{"line":266,"column":38},"end":{"line":266,"column":39}},"loc":{"start":{"line":266,"column":52},"end":{"line":278,"column":25}},"line":266},"29":{"name":"(anonymous_29)","decl":{"start":{"line":273,"column":39},"end":{"line":273,"column":45}},"loc":{"start":{"line":273,"column":45},"end":{"line":273,"column":null}},"line":273},"30":{"name":"(anonymous_30)","decl":{"start":{"line":275,"column":52},"end":{"line":275,"column":53}},"loc":{"start":{"line":275,"column":61},"end":{"line":275,"column":116}},"line":275},"31":{"name":"(anonymous_31)","decl":{"start":{"line":287,"column":25},"end":{"line":287,"column":26}},"loc":{"start":{"line":287,"column":35},"end":{"line":326,"column":15}},"line":287},"32":{"name":"(anonymous_32)","decl":{"start":{"line":294,"column":29},"end":{"line":294,"column":35}},"loc":{"start":{"line":294,"column":35},"end":{"line":294,"column":null}},"line":294},"33":{"name":"(anonymous_33)","decl":{"start":{"line":299,"column":45},"end":{"line":299,"column":46}},"loc":{"start":{"line":300,"column":26},"end":{"line":318,"column":null}},"line":300},"34":{"name":"(anonymous_34)","decl":{"start":{"line":303,"column":37},"end":{"line":303,"column":38}},"loc":{"start":{"line":303,"column":44},"end":{"line":306,"column":null}},"line":303},"35":{"name":"(anonymous_35)","decl":{"start":{"line":334,"column":17},"end":{"line":334,"column":23}},"loc":{"start":{"line":334,"column":23},"end":{"line":334,"column":null}},"line":334},"36":{"name":"(anonymous_36)","decl":{"start":{"line":341,"column":17},"end":{"line":341,"column":23}},"loc":{"start":{"line":341,"column":23},"end":{"line":341,"column":null}},"line":341}},"branchMap":{"0":{"loc":{"start":{"line":32,"column":12},"end":{"line":32,"column":null}},"type":"binary-expr","locations":[{"start":{"line":32,"column":12},"end":{"line":32,"column":69}},{"start":{"line":32,"column":69},"end":{"line":32,"column":null}}],"line":32},"1":{"loc":{"start":{"line":52,"column":8},"end":{"line":54,"column":null}},"type":"if","locations":[{"start":{"line":52,"column":8},"end":{"line":54,"column":null}},{"start":{},"end":{}}],"line":52},"2":{"loc":{"start":{"line":55,"column":8},"end":{"line":57,"column":null}},"type":"if","locations":[{"start":{"line":55,"column":8},"end":{"line":57,"column":null}},{"start":{},"end":{}}],"line":55},"3":{"loc":{"start":{"line":58,"column":8},"end":{"line":60,"column":null}},"type":"if","locations":[{"start":{"line":58,"column":8},"end":{"line":60,"column":null}},{"start":{},"end":{}}],"line":58},"4":{"loc":{"start":{"line":58,"column":12},"end":{"line":58,"column":65}},"type":"binary-expr","locations":[{"start":{"line":58,"column":12},"end":{"line":58,"column":34}},{"start":{"line":58,"column":34},"end":{"line":58,"column":65}}],"line":58},"5":{"loc":{"start":{"line":74,"column":17},"end":{"line":74,"column":null}},"type":"cond-expr","locations":[{"start":{"line":74,"column":35},"end":{"line":74,"column":40}},{"start":{"line":74,"column":40},"end":{"line":74,"column":null}}],"line":74},"6":{"loc":{"start":{"line":80,"column":21},"end":{"line":80,"column":null}},"type":"cond-expr","locations":[{"start":{"line":80,"column":35},"end":{"line":80,"column":39}},{"start":{"line":80,"column":39},"end":{"line":80,"column":null}}],"line":80},"7":{"loc":{"start":{"line":81,"column":6},"end":{"line":83,"column":null}},"type":"if","locations":[{"start":{"line":81,"column":6},"end":{"line":83,"column":null}},{"start":{},"end":{}}],"line":81},"8":{"loc":{"start":{"line":106,"column":26},"end":{"line":106,"column":null}},"type":"cond-expr","locations":[{"start":{"line":106,"column":50},"end":{"line":106,"column":61}},{"start":{"line":106,"column":61},"end":{"line":106,"column":null}}],"line":106},"9":{"loc":{"start":{"line":114,"column":15},"end":{"line":114,"column":76}},"type":"cond-expr","locations":[{"start":{"line":114,"column":38},"end":{"line":114,"column":52}},{"start":{"line":114,"column":52},"end":{"line":114,"column":76}}],"line":114},"10":{"loc":{"start":{"line":129,"column":6},"end":{"line":129,"column":null}},"type":"if","locations":[{"start":{"line":129,"column":6},"end":{"line":129,"column":null}},{"start":{},"end":{}}],"line":129},"11":{"loc":{"start":{"line":150,"column":19},"end":{"line":150,"column":null}},"type":"cond-expr","locations":[{"start":{"line":150,"column":42},"end":{"line":150,"column":46}},{"start":{"line":150,"column":46},"end":{"line":150,"column":null}}],"line":150},"12":{"loc":{"start":{"line":151,"column":41},"end":{"line":151,"column":81}},"type":"cond-expr","locations":[{"start":{"line":151,"column":64},"end":{"line":151,"column":73}},{"start":{"line":151,"column":73},"end":{"line":151,"column":81}}],"line":151},"13":{"loc":{"start":{"line":156,"column":4},"end":{"line":161,"column":null}},"type":"switch","locations":[{"start":{"line":157,"column":6},"end":{"line":157,"column":null}},{"start":{"line":158,"column":6},"end":{"line":158,"column":null}},{"start":{"line":159,"column":6},"end":{"line":159,"column":null}},{"start":{"line":160,"column":6},"end":{"line":160,"column":null}}],"line":156},"14":{"loc":{"start":{"line":164,"column":51},"end":{"line":164,"column":null}},"type":"default-arg","locations":[{"start":{"line":164,"column":70},"end":{"line":164,"column":null}}],"line":164},"15":{"loc":{"start":{"line":174,"column":7},"end":{"line":175,"column":null}},"type":"binary-expr","locations":[{"start":{"line":174,"column":7},"end":{"line":174,"column":null}},{"start":{"line":175,"column":8},"end":{"line":175,"column":null}}],"line":174},"16":{"loc":{"start":{"line":187,"column":23},"end":{"line":187,"column":null}},"type":"cond-expr","locations":[{"start":{"line":187,"column":46},"end":{"line":187,"column":58}},{"start":{"line":187,"column":58},"end":{"line":187,"column":null}}],"line":187},"17":{"loc":{"start":{"line":194,"column":23},"end":{"line":194,"column":null}},"type":"cond-expr","locations":[{"start":{"line":194,"column":47},"end":{"line":194,"column":59}},{"start":{"line":194,"column":59},"end":{"line":194,"column":null}}],"line":194},"18":{"loc":{"start":{"line":207,"column":13},"end":{"line":209,"column":null}},"type":"cond-expr","locations":[{"start":{"line":208,"column":16},"end":{"line":208,"column":null}},{"start":{"line":209,"column":16},"end":{"line":209,"column":null}}],"line":207},"19":{"loc":{"start":{"line":207,"column":13},"end":{"line":207,"column":null}},"type":"binary-expr","locations":[{"start":{"line":207,"column":13},"end":{"line":207,"column":38}},{"start":{"line":207,"column":38},"end":{"line":207,"column":null}}],"line":207},"20":{"loc":{"start":{"line":228,"column":11},"end":{"line":229,"column":null}},"type":"binary-expr","locations":[{"start":{"line":228,"column":11},"end":{"line":228,"column":null}},{"start":{"line":229,"column":12},"end":{"line":229,"column":null}}],"line":228},"21":{"loc":{"start":{"line":231,"column":11},"end":{"line":234,"column":null}},"type":"binary-expr","locations":[{"start":{"line":231,"column":11},"end":{"line":231,"column":null}},{"start":{"line":232,"column":12},"end":{"line":234,"column":null}}],"line":231},"22":{"loc":{"start":{"line":236,"column":11},"end":{"line":327,"column":null}},"type":"cond-expr","locations":[{"start":{"line":237,"column":12},"end":{"line":284,"column":null}},{"start":{"line":286,"column":12},"end":{"line":327,"column":null}}],"line":236},"23":{"loc":{"start":{"line":293,"column":40},"end":{"line":293,"column":123}},"type":"cond-expr","locations":[{"start":{"line":293,"column":70},"end":{"line":293,"column":113}},{"start":{"line":293,"column":113},"end":{"line":293,"column":123}}],"line":293},"24":{"loc":{"start":{"line":298,"column":23},"end":{"line":321,"column":null}},"type":"cond-expr","locations":[{"start":{"line":299,"column":24},"end":{"line":319,"column":null}},{"start":{"line":321,"column":24},"end":{"line":321,"column":null}}],"line":298},"25":{"loc":{"start":{"line":312,"column":84},"end":{"line":316,"column":null}},"type":"binary-expr","locations":[{"start":{"line":313,"column":31},"end":{"line":313,"column":53}},{"start":{"line":313,"column":53},"end":{"line":313,"column":null}},{"start":{"line":314,"column":31},"end":{"line":316,"column":null}}],"line":312},"26":{"loc":{"start":{"line":315,"column":34},"end":{"line":315,"column":null}},"type":"binary-expr","locations":[{"start":{"line":315,"column":34},"end":{"line":315,"column":56}},{"start":{"line":315,"column":56},"end":{"line":315,"column":null}}],"line":315}},"s":{"0":0,"1":0,"2":0,"3":0,"4":0,"5":0,"6":0,"7":0,"8":0,"9":0,"10":0,"11":0,"12":0,"13":0,"14":0,"15":0,"16":0,"17":0,"18":0,"19":0,"20":0,"21":0,"22":0,"23":0,"24":0,"25":0,"26":0,"27":0,"28":0,"29":0,"30":0,"31":0,"32":0,"33":0,"34":0,"35":0,"36":0,"37":0,"38":0,"39":0,"40":0,"41":0,"42":0,"43":0,"44":0,"45":0,"46":0,"47":0,"48":0,"49":0,"50":0,"51":0,"52":0,"53":0,"54":0,"55":0,"56":0,"57":0,"58":0,"59":0,"60":0,"61":0,"62":0,"63":0,"64":0,"65":0,"66":0,"67":0,"68":0,"69":0,"70":0,"71":0,"72":0,"73":0,"74":0,"75":0,"76":0,"77":0,"78":0,"79":0,"80":0,"81":0,"82":0,"83":0,"84":0,"85":0,"86":0,"87":0,"88":0,"89":0,"90":0,"91":0,"92":0,"93":0,"94":0,"95":0,"96":0,"97":0,"98":0,"99":0,"100":0,"101":0,"102":0,"103":0,"104":0,"105":0,"106":0,"107":0,"108":0,"109":0,"110":0,"111":0,"112":0},"f":{"0":0,"1":0,"2":0,"3":0,"4":0,"5":0,"6":0,"7":0,"8":0,"9":0,"10":0,"11":0,"12":0,"13":0,"14":0,"15":0,"16":0,"17":0,"18":0,"19":0,"20":0,"21":0,"22":0,"23":0,"24":0,"25":0,"26":0,"27":0,"28":0,"29":0,"30":0,"31":0,"32":0,"33":0,"34":0,"35":0,"36":0},"b":{"0":[0,0],"1":[0,0],"2":[0,0],"3":[0,0],"4":[0,0],"5":[0,0],"6":[0,0],"7":[0,0],"8":[0,0],"9":[0,0],"10":[0,0],"11":[0,0],"12":[0,0],"13":[0,0,0,0],"14":[0],"15":[0,0],"16":[0,0],"17":[0,0],"18":[0,0],"19":[0,0],"20":[0,0],"21":[0,0],"22":[0,0],"23":[0,0],"24":[0,0],"25":[0,0,0],"26":[0,0]},"meta":{"lastBranch":27,"lastFunction":37,"lastStatement":113,"seen":{"f:30:24:30:46":0,"s:31:30:33:Infinity":0,"f:31:53:31:59":1,"s:32:4:32:Infinity":1,"b:32:12:32:69:32:69:32:Infinity":0,"s:34:38:34:Infinity":2,"s:35:38:35:Infinity":3,"s:36:46:36:Infinity":4,"s:37:38:37:Infinity":5,"s:38:52:38:Infinity":6,"s:39:38:39:Infinity":7,"s:40:28:40:Infinity":8,"s:41:24:41:Infinity":9,"s:44:32:44:Infinity":10,"s:45:28:45:Infinity":11,"s:46:30:46:Infinity":12,"s:49:2:65:Infinity":13,"f:49:12:49:18":2,"s:50:4:64:Infinity":14,"f:51:12:51:13":3,"b:52:8:54:Infinity:undefined:undefined:undefined:undefined":1,"s:52:8:54:Infinity":15,"s:53:10:53:Infinity":16,"b:55:8:57:Infinity:undefined:undefined:undefined:undefined":2,"s:55:8:57:Infinity":17,"s:56:10:56:Infinity":18,"b:58:8:60:Infinity:undefined:undefined:undefined:undefined":3,"s:58:8:60:Infinity":19,"b:58:12:58:34:58:34:58:65":4,"s:59:10:59:Infinity":20,"f:62:13:62:19":4,"s:67:16:67:Infinity":21,"f:67:60:67:61":5,"s:67:70:67:83":22,"s:69:22:87:Infinity":23,"f:69:22:69:28":6,"s:70:25:70:Infinity":24,"s:71:20:71:Infinity":25,"s:73:22:73:Infinity":26,"s:74:17:74:Infinity":27,"b:74:35:74:40:74:40:74:Infinity":5,"s:75:4:75:Infinity":28,"s:76:4:85:Infinity":29,"s:76:17:76:20":30,"s:77:16:77:Infinity":31,"s:79:20:79:Infinity":32,"s:80:21:80:Infinity":33,"b:80:35:80:39:80:39:80:Infinity":6,"b:81:6:83:Infinity:undefined:undefined:undefined:undefined":7,"s:81:6:83:Infinity":34,"s:82:8:82:Infinity":35,"s:84:6:84:Infinity":36,"s:86:4:86:Infinity":37,"s:89:19:89:Infinity":38,"s:91:21:91:Infinity":39,"f:91:21:91:22":7,"s:91:37:91:Infinity":40,"s:92:21:92:Infinity":41,"f:92:21:92:22":8,"s:92:39:92:Infinity":42,"s:94:28:100:Infinity":43,"f:94:28:94:29":9,"s:95:4:99:Infinity":44,"s:102:27:119:Infinity":45,"f:102:27:102:39":10,"s:103:4:103:Infinity":46,"s:104:4:104:Infinity":47,"s:105:4:118:Infinity":48,"s:106:26:106:Infinity":49,"b:106:50:106:61:106:61:106:Infinity":8,"s:107:33:107:Infinity":50,"s:108:6:111:Infinity":51,"s:109:21:109:Infinity":52,"s:110:8:110:Infinity":53,"s:112:6:112:Infinity":54,"s:114:6:114:Infinity":55,"b:114:38:114:52:114:52:114:76":9,"s:115:6:115:Infinity":56,"s:117:6:117:Infinity":57,"s:121:2:123:Infinity":58,"f:121:12:121:18":11,"s:122:4:122:Infinity":59,"s:126:33:133:Infinity":60,"f:126:33:126:34":12,"s:127:20:127:Infinity":61,"s:128:4:132:Infinity":62,"f:128:31:128:32":13,"b:129:6:129:Infinity:undefined:undefined:undefined:undefined":10,"s:129:6:129:Infinity":63,"s:129:32:129:Infinity":64,"s:130:22:130:Infinity":65,"s:131:6:131:Infinity":66,"s:135:26:141:Infinity":67,"f:135:26:135:27":14,"s:136:4:139:Infinity":68,"s:140:4:140:Infinity":69,"s:143:33:146:Infinity":70,"f:143:33:143:34":15,"s:144:4:144:Infinity":71,"s:145:4:145:Infinity":72,"s:148:23:153:Infinity":73,"f:148:23:148:24":16,"s:149:20:149:Infinity":74,"s:150:19:150:Infinity":75,"b:150:42:150:46:150:46:150:Infinity":11,"s:151:4:151:Infinity":76,"b:151:64:151:73:151:73:151:81":12,"s:152:4:152:Infinity":77,"s:155:25:162:Infinity":78,"f:155:25:155:26":17,"b:157:6:157:Infinity:158:6:158:Infinity:159:6:159:Infinity:160:6:160:Infinity":13,"s:156:4:161:Infinity":79,"s:157:24:157:Infinity":80,"s:158:24:158:Infinity":81,"s:159:22:159:Infinity":82,"s:160:15:160:Infinity":83,"s:164:32:177:Infinity":84,"f:164:32:164:33":18,"s:165:4:177:Infinity":85,"b:164:70:164:Infinity":14,"f:168:15:168:16":19,"s:169:8:169:Infinity":86,"s:170:8:170:Infinity":87,"b:174:7:174:Infinity:175:8:175:Infinity":15,"s:180:2:345:Infinity":88,"b:187:46:187:58:187:58:187:Infinity":16,"f:189:23:189:29":20,"s:189:31:189:53":89,"s:189:53:189:104":90,"b:194:47:194:59:194:59:194:Infinity":17,"f:196:23:196:29":21,"s:196:31:196:54":91,"s:196:54:196:106":92,"b:208:16:208:Infinity:209:16:209:Infinity":18,"b:207:13:207:38:207:38:207:Infinity":19,"f:212:59:212:65":22,"s:212:65:212:Infinity":93,"f:218:23:218:29":23,"s:218:29:218:Infinity":94,"f:222:59:222:65":24,"s:222:65:222:Infinity":95,"b:228:11:228:Infinity:229:12:229:Infinity":20,"b:231:11:231:Infinity:232:12:234:Infinity":21,"b:237:12:284:Infinity:286:12:327:Infinity":22,"f:242:34:242:35":25,"s:243:22:245:Infinity":96,"f:250:29:250:30":26,"s:252:37:255:Infinity":97,"f:254:38:254:39":27,"s:254:47:254:87":98,"s:256:41:256:Infinity":99,"s:258:20:279:Infinity":100,"f:266:38:266:39":28,"s:267:51:267:Infinity":101,"s:268:26:276:Infinity":102,"f:273:39:273:45":29,"s:273:45:273:Infinity":103,"f:275:52:275:53":30,"s:275:61:275:116":104,"f:287:25:287:26":31,"s:288:41:288:Infinity":105,"s:289:16:324:Infinity":106,"b:293:70:293:113:293:113:293:123":23,"f:294:29:294:35":32,"s:294:35:294:Infinity":107,"b:299:24:319:Infinity:321:24:321:Infinity":24,"f:299:45:299:46":33,"s:300:26:318:Infinity":108,"f:303:37:303:38":34,"s:304:30:304:Infinity":109,"s:305:30:305:Infinity":110,"b:313:31:313:53:313:53:313:Infinity:314:31:316:Infinity":25,"b:315:34:315:56:315:56:315:Infinity":26,"f:334:17:334:23":35,"s:334:23:334:Infinity":111,"f:341:17:341:23":36,"s:341:23:341:Infinity":112}}}
,"D:\\laian\\Desktop\\Yaman\\projects\\yasca-dental\\frontend\\src\\app\\components\\AppointmentDetailDialog.tsx": {"path":"D:\\laian\\Desktop\\Yaman\\projects\\yasca-dental\\frontend\\src\\app\\components\\AppointmentDetailDialog.tsx","statementMap":{"0":{"start":{"line":35,"column":23},"end":{"line":40,"column":null}},"1":{"start":{"line":48,"column":8},"end":{"line":48,"column":null}},"2":{"start":{"line":49,"column":28},"end":{"line":49,"column":null}},"3":{"start":{"line":50,"column":40},"end":{"line":50,"column":null}},"4":{"start":{"line":52,"column":2},"end":{"line":52,"column":null}},"5":{"start":{"line":52,"column":20},"end":{"line":52,"column":null}},"6":{"start":{"line":54,"column":28},"end":{"line":57,"column":null}},"7":{"start":{"line":55,"column":4},"end":{"line":55,"column":null}},"8":{"start":{"line":56,"column":4},"end":{"line":56,"column":null}},"9":{"start":{"line":59,"column":29},"end":{"line":71,"column":null}},"10":{"start":{"line":60,"column":4},"end":{"line":60,"column":null}},"11":{"start":{"line":60,"column":42},"end":{"line":60,"column":null}},"12":{"start":{"line":61,"column":4},"end":{"line":61,"column":null}},"13":{"start":{"line":62,"column":4},"end":{"line":70,"column":null}},"14":{"start":{"line":63,"column":6},"end":{"line":63,"column":null}},"15":{"start":{"line":64,"column":6},"end":{"line":64,"column":null}},"16":{"start":{"line":65,"column":6},"end":{"line":65,"column":null}},"17":{"start":{"line":69,"column":6},"end":{"line":69,"column":null}},"18":{"start":{"line":73,"column":23},"end":{"line":89,"column":null}},"19":{"start":{"line":74,"column":4},"end":{"line":77,"column":null}},"20":{"start":{"line":75,"column":6},"end":{"line":75,"column":null}},"21":{"start":{"line":76,"column":6},"end":{"line":76,"column":null}},"22":{"start":{"line":78,"column":4},"end":{"line":78,"column":null}},"23":{"start":{"line":79,"column":4},"end":{"line":88,"column":null}},"24":{"start":{"line":80,"column":6},"end":{"line":80,"column":null}},"25":{"start":{"line":81,"column":6},"end":{"line":81,"column":null}},"26":{"start":{"line":82,"column":6},"end":{"line":82,"column":null}},"27":{"start":{"line":86,"column":6},"end":{"line":86,"column":null}},"28":{"start":{"line":87,"column":6},"end":{"line":87,"column":null}},"29":{"start":{"line":91,"column":25},"end":{"line":95,"column":null}},"30":{"start":{"line":92,"column":16},"end":{"line":92,"column":null}},"31":{"start":{"line":92,"column":43},"end":{"line":92,"column":61}},"32":{"start":{"line":93,"column":4},"end":{"line":93,"column":null}},"33":{"start":{"line":93,"column":14},"end":{"line":93,"column":null}},"34":{"start":{"line":94,"column":4},"end":{"line":94,"column":null}},"35":{"start":{"line":97,"column":2},"end":{"line":206,"column":null}},"36":{"start":{"line":98,"column":52},"end":{"line":98,"column":103}},"37":{"start":{"line":98,"column":65},"end":{"line":98,"column":90}},"38":{"start":{"line":98,"column":90},"end":{"line":98,"column":101}},"39":{"start":{"line":170,"column":16},"end":{"line":181,"column":null}},"40":{"start":{"line":173,"column":33},"end":{"line":173,"column":null}},"41":{"start":{"line":199,"column":55},"end":{"line":199,"column":80}},"42":{"start":{"line":199,"column":80},"end":{"line":199,"column":91}}},"fnMap":{"0":{"name":"AppointmentDetailDialog","decl":{"start":{"line":42,"column":24},"end":{"line":42,"column":48}},"loc":{"start":{"line":47,"column":33},"end":{"line":208,"column":null}},"line":47},"1":{"name":"(anonymous_1)","decl":{"start":{"line":54,"column":28},"end":{"line":54,"column":34}},"loc":{"start":{"line":54,"column":34},"end":{"line":57,"column":null}},"line":54},"2":{"name":"(anonymous_2)","decl":{"start":{"line":59,"column":29},"end":{"line":59,"column":36}},"loc":{"start":{"line":59,"column":58},"end":{"line":71,"column":null}},"line":59},"3":{"name":"(anonymous_3)","decl":{"start":{"line":73,"column":23},"end":{"line":73,"column":35}},"loc":{"start":{"line":73,"column":35},"end":{"line":89,"column":null}},"line":73},"4":{"name":"(anonymous_4)","decl":{"start":{"line":91,"column":25},"end":{"line":91,"column":26}},"loc":{"start":{"line":91,"column":45},"end":{"line":95,"column":null}},"line":91},"5":{"name":"(anonymous_5)","decl":{"start":{"line":92,"column":36},"end":{"line":92,"column":37}},"loc":{"start":{"line":92,"column":43},"end":{"line":92,"column":61}},"line":92},"6":{"name":"(anonymous_6)","decl":{"start":{"line":98,"column":40},"end":{"line":98,"column":41}},"loc":{"start":{"line":98,"column":50},"end":{"line":98,"column":null}},"line":98},"7":{"name":"(anonymous_7)","decl":{"start":{"line":169,"column":34},"end":{"line":169,"column":35}},"loc":{"start":{"line":170,"column":16},"end":{"line":181,"column":null}},"line":170},"8":{"name":"(anonymous_8)","decl":{"start":{"line":173,"column":27},"end":{"line":173,"column":33}},"loc":{"start":{"line":173,"column":33},"end":{"line":173,"column":null}},"line":173},"9":{"name":"(anonymous_9)","decl":{"start":{"line":199,"column":47},"end":{"line":199,"column":53}},"loc":{"start":{"line":199,"column":53},"end":{"line":199,"column":94}},"line":199}},"branchMap":{"0":{"loc":{"start":{"line":52,"column":2},"end":{"line":52,"column":null}},"type":"if","locations":[{"start":{"line":52,"column":2},"end":{"line":52,"column":null}},{"start":{},"end":{}}],"line":52},"1":{"loc":{"start":{"line":60,"column":4},"end":{"line":60,"column":null}},"type":"if","locations":[{"start":{"line":60,"column":4},"end":{"line":60,"column":null}},{"start":{},"end":{}}],"line":60},"2":{"loc":{"start":{"line":74,"column":4},"end":{"line":77,"column":null}},"type":"if","locations":[{"start":{"line":74,"column":4},"end":{"line":77,"column":null}},{"start":{},"end":{}}],"line":74},"3":{"loc":{"start":{"line":93,"column":4},"end":{"line":93,"column":null}},"type":"if","locations":[{"start":{"line":93,"column":4},"end":{"line":93,"column":null}},{"start":{},"end":{}}],"line":93},"4":{"loc":{"start":{"line":98,"column":52},"end":{"line":98,"column":103}},"type":"if","locations":[{"start":{"line":98,"column":52},"end":{"line":98,"column":103}},{"start":{},"end":{}}],"line":98},"5":{"loc":{"start":{"line":138,"column":12},"end":{"line":161,"column":null}},"type":"binary-expr","locations":[{"start":{"line":140,"column":14},"end":{"line":140,"column":44}},{"start":{"line":140,"column":44},"end":{"line":140,"column":null}},{"start":{"line":141,"column":14},"end":{"line":161,"column":null}}],"line":138},"6":{"loc":{"start":{"line":142,"column":17},"end":{"line":149,"column":null}},"type":"binary-expr","locations":[{"start":{"line":142,"column":17},"end":{"line":142,"column":null}},{"start":{"line":143,"column":18},"end":{"line":149,"column":null}}],"line":142},"7":{"loc":{"start":{"line":152,"column":17},"end":{"line":159,"column":null}},"type":"binary-expr","locations":[{"start":{"line":152,"column":17},"end":{"line":152,"column":null}},{"start":{"line":153,"column":18},"end":{"line":159,"column":null}}],"line":152},"8":{"loc":{"start":{"line":172,"column":28},"end":{"line":172,"column":null}},"type":"binary-expr","locations":[{"start":{"line":172,"column":28},"end":{"line":172,"column":39}},{"start":{"line":172,"column":39},"end":{"line":172,"column":null}}],"line":172},"9":{"loc":{"start":{"line":175,"column":20},"end":{"line":177,"column":null}},"type":"cond-expr","locations":[{"start":{"line":176,"column":24},"end":{"line":176,"column":null}},{"start":{"line":177,"column":24},"end":{"line":177,"column":null}}],"line":175},"10":{"loc":{"start":{"line":191,"column":74},"end":{"line":191,"column":106}},"type":"cond-expr","locations":[{"start":{"line":191,"column":90},"end":{"line":191,"column":104}},{"start":{"line":191,"column":104},"end":{"line":191,"column":106}}],"line":191},"11":{"loc":{"start":{"line":196,"column":13},"end":{"line":196,"column":null}},"type":"cond-expr","locations":[{"start":{"line":196,"column":29},"end":{"line":196,"column":47}},{"start":{"line":196,"column":47},"end":{"line":196,"column":null}}],"line":196}},"s":{"0":0,"1":0,"2":0,"3":0,"4":0,"5":0,"6":0,"7":0,"8":0,"9":0,"10":0,"11":0,"12":0,"13":0,"14":0,"15":0,"16":0,"17":0,"18":0,"19":0,"20":0,"21":0,"22":0,"23":0,"24":0,"25":0,"26":0,"27":0,"28":0,"29":0,"30":0,"31":0,"32":0,"33":0,"34":0,"35":0,"36":0,"37":0,"38":0,"39":0,"40":0,"41":0,"42":0},"f":{"0":0,"1":0,"2":0,"3":0,"4":0,"5":0,"6":0,"7":0,"8":0,"9":0},"b":{"0":[0,0],"1":[0,0],"2":[0,0],"3":[0,0],"4":[0,0],"5":[0,0,0],"6":[0,0],"7":[0,0],"8":[0,0],"9":[0,0],"10":[0,0],"11":[0,0]},"meta":{"lastBranch":12,"lastFunction":10,"lastStatement":43,"seen":{"s:35:23:40:Infinity":0,"f:42:24:42:48":0,"s:48:8:48:Infinity":1,"s:49:28:49:Infinity":2,"s:50:40:50:Infinity":3,"b:52:2:52:Infinity:undefined:undefined:undefined:undefined":0,"s:52:2:52:Infinity":4,"s:52:20:52:Infinity":5,"s:54:28:57:Infinity":6,"f:54:28:54:34":1,"s:55:4:55:Infinity":7,"s:56:4:56:Infinity":8,"s:59:29:71:Infinity":9,"f:59:29:59:36":2,"b:60:4:60:Infinity:undefined:undefined:undefined:undefined":1,"s:60:4:60:Infinity":10,"s:60:42:60:Infinity":11,"s:61:4:61:Infinity":12,"s:62:4:70:Infinity":13,"s:63:6:63:Infinity":14,"s:64:6:64:Infinity":15,"s:65:6:65:Infinity":16,"s:69:6:69:Infinity":17,"s:73:23:89:Infinity":18,"f:73:23:73:35":3,"b:74:4:77:Infinity:undefined:undefined:undefined:undefined":2,"s:74:4:77:Infinity":19,"s:75:6:75:Infinity":20,"s:76:6:76:Infinity":21,"s:78:4:78:Infinity":22,"s:79:4:88:Infinity":23,"s:80:6:80:Infinity":24,"s:81:6:81:Infinity":25,"s:82:6:82:Infinity":26,"s:86:6:86:Infinity":27,"s:87:6:87:Infinity":28,"s:91:25:95:Infinity":29,"f:91:25:91:26":4,"s:92:16:92:Infinity":30,"f:92:36:92:37":5,"s:92:43:92:61":31,"b:93:4:93:Infinity:undefined:undefined:undefined:undefined":3,"s:93:4:93:Infinity":32,"s:93:14:93:Infinity":33,"s:94:4:94:Infinity":34,"s:97:2:206:Infinity":35,"f:98:40:98:41":6,"b:98:52:98:103:undefined:undefined:undefined:undefined":4,"s:98:52:98:103":36,"s:98:65:98:90":37,"s:98:90:98:101":38,"b:140:14:140:44:140:44:140:Infinity:141:14:161:Infinity":5,"b:142:17:142:Infinity:143:18:149:Infinity":6,"b:152:17:152:Infinity:153:18:159:Infinity":7,"f:169:34:169:35":7,"s:170:16:181:Infinity":39,"b:172:28:172:39:172:39:172:Infinity":8,"f:173:27:173:33":8,"s:173:33:173:Infinity":40,"b:176:24:176:Infinity:177:24:177:Infinity":9,"b:191:90:191:104:191:104:191:106":10,"b:196:29:196:47:196:47:196:Infinity":11,"f:199:47:199:53":9,"s:199:55:199:80":41,"s:199:80:199:91":42}}}
,"D:\\laian\\Desktop\\Yaman\\projects\\yasca-dental\\frontend\\src\\app\\components\\AppointmentDialog.tsx": {"path":"D:\\laian\\Desktop\\Yaman\\projects\\yasca-dental\\frontend\\src\\app\\components\\AppointmentDialog.tsx","statementMap":{"0":{"start":{"line":49,"column":32},"end":{"line":49,"column":null}},"1":{"start":{"line":50,"column":2},"end":{"line":53,"column":null}},"2":{"start":{"line":51,"column":18},"end":{"line":51,"column":null}},"3":{"start":{"line":51,"column":35},"end":{"line":51,"column":56}},"4":{"start":{"line":52,"column":4},"end":{"line":52,"column":null}},"5":{"start":{"line":52,"column":17},"end":{"line":52,"column":null}},"6":{"start":{"line":54,"column":2},"end":{"line":54,"column":null}},"7":{"start":{"line":63,"column":15},"end":{"line":63,"column":null}},"8":{"start":{"line":66,"column":40},"end":{"line":66,"column":null}},"9":{"start":{"line":67,"column":42},"end":{"line":67,"column":null}},"10":{"start":{"line":68,"column":44},"end":{"line":68,"column":null}},"11":{"start":{"line":69,"column":52},"end":{"line":69,"column":null}},"12":{"start":{"line":70,"column":42},"end":{"line":70,"column":null}},"13":{"start":{"line":71,"column":8},"end":{"line":71,"column":null}},"14":{"start":{"line":74,"column":28},"end":{"line":74,"column":null}},"15":{"start":{"line":75,"column":46},"end":{"line":75,"column":null}},"16":{"start":{"line":78,"column":42},"end":{"line":78,"column":null}},"17":{"start":{"line":79,"column":48},"end":{"line":79,"column":null}},"18":{"start":{"line":82,"column":22},"end":{"line":82,"column":null}},"19":{"start":{"line":83,"column":24},"end":{"line":83,"column":null}},"20":{"start":{"line":84,"column":28},"end":{"line":84,"column":null}},"21":{"start":{"line":85,"column":24},"end":{"line":85,"column":null}},"22":{"start":{"line":87,"column":26},"end":{"line":87,"column":null}},"23":{"start":{"line":90,"column":2},"end":{"line":112,"column":null}},"24":{"start":{"line":91,"column":4},"end":{"line":91,"column":null}},"25":{"start":{"line":91,"column":17},"end":{"line":91,"column":null}},"26":{"start":{"line":92,"column":4},"end":{"line":107,"column":null}},"27":{"start":{"line":95,"column":23},"end":{"line":97,"column":null}},"28":{"start":{"line":95,"column":42},"end":{"line":96,"column":null}},"29":{"start":{"line":98,"column":8},"end":{"line":98,"column":null}},"30":{"start":{"line":99,"column":8},"end":{"line":105,"column":null}},"31":{"start":{"line":101,"column":12},"end":{"line":103,"column":null}},"32":{"start":{"line":102,"column":35},"end":{"line":102,"column":51}},"33":{"start":{"line":104,"column":10},"end":{"line":104,"column":null}},"34":{"start":{"line":107,"column":19},"end":{"line":107,"column":33}},"35":{"start":{"line":109,"column":4},"end":{"line":111,"column":null}},"36":{"start":{"line":110,"column":45},"end":{"line":110,"column":68}},"37":{"start":{"line":111,"column":19},"end":{"line":111,"column":40}},"38":{"start":{"line":114,"column":2},"end":{"line":118,"column":null}},"39":{"start":{"line":115,"column":4},"end":{"line":117,"column":null}},"40":{"start":{"line":116,"column":6},"end":{"line":116,"column":null}},"41":{"start":{"line":121,"column":2},"end":{"line":136,"column":null}},"42":{"start":{"line":122,"column":4},"end":{"line":122,"column":null}},"43":{"start":{"line":122,"column":17},"end":{"line":122,"column":null}},"44":{"start":{"line":123,"column":4},"end":{"line":127,"column":null}},"45":{"start":{"line":124,"column":6},"end":{"line":124,"column":null}},"46":{"start":{"line":125,"column":6},"end":{"line":125,"column":null}},"47":{"start":{"line":126,"column":6},"end":{"line":126,"column":null}},"48":{"start":{"line":128,"column":4},"end":{"line":128,"column":null}},"49":{"start":{"line":129,"column":4},"end":{"line":135,"column":null}},"50":{"start":{"line":131,"column":8},"end":{"line":131,"column":null}},"51":{"start":{"line":132,"column":8},"end":{"line":132,"column":null}},"52":{"start":{"line":134,"column":19},"end":{"line":134,"column":40}},"53":{"start":{"line":135,"column":21},"end":{"line":135,"column":45}},"54":{"start":{"line":139,"column":2},"end":{"line":147,"column":null}},"55":{"start":{"line":140,"column":31},"end":{"line":144,"column":null}},"56":{"start":{"line":141,"column":6},"end":{"line":143,"column":null}},"57":{"start":{"line":142,"column":8},"end":{"line":142,"column":null}},"58":{"start":{"line":145,"column":4},"end":{"line":145,"column":null}},"59":{"start":{"line":146,"column":4},"end":{"line":146,"column":null}},"60":{"start":{"line":146,"column":17},"end":{"line":146,"column":null}},"61":{"start":{"line":149,"column":8},"end":{"line":153,"column":null}},"62":{"start":{"line":150,"column":4},"end":{"line":150,"column":null}},"63":{"start":{"line":151,"column":4},"end":{"line":151,"column":null}},"64":{"start":{"line":152,"column":4},"end":{"line":152,"column":null}},"65":{"start":{"line":155,"column":36},"end":{"line":161,"column":null}},"66":{"start":{"line":156,"column":16},"end":{"line":156,"column":null}},"67":{"start":{"line":157,"column":4},"end":{"line":157,"column":null}},"68":{"start":{"line":158,"column":4},"end":{"line":160,"column":null}},"69":{"start":{"line":159,"column":6},"end":{"line":159,"column":null}},"70":{"start":{"line":163,"column":20},"end":{"line":172,"column":null}},"71":{"start":{"line":164,"column":4},"end":{"line":164,"column":null}},"72":{"start":{"line":165,"column":4},"end":{"line":165,"column":null}},"73":{"start":{"line":166,"column":4},"end":{"line":166,"column":null}},"74":{"start":{"line":167,"column":4},"end":{"line":167,"column":null}},"75":{"start":{"line":168,"column":4},"end":{"line":168,"column":null}},"76":{"start":{"line":169,"column":4},"end":{"line":169,"column":null}},"77":{"start":{"line":170,"column":4},"end":{"line":170,"column":null}},"78":{"start":{"line":171,"column":4},"end":{"line":171,"column":null}},"79":{"start":{"line":174,"column":21},"end":{"line":199,"column":null}},"80":{"start":{"line":175,"column":4},"end":{"line":178,"column":null}},"81":{"start":{"line":176,"column":6},"end":{"line":176,"column":null}},"82":{"start":{"line":177,"column":6},"end":{"line":177,"column":null}},"83":{"start":{"line":179,"column":4},"end":{"line":179,"column":null}},"84":{"start":{"line":180,"column":4},"end":{"line":180,"column":null}},"85":{"start":{"line":181,"column":4},"end":{"line":198,"column":null}},"86":{"start":{"line":182,"column":6},"end":{"line":190,"column":null}},"87":{"start":{"line":191,"column":6},"end":{"line":191,"column":null}},"88":{"start":{"line":192,"column":6},"end":{"line":192,"column":null}},"89":{"start":{"line":193,"column":6},"end":{"line":193,"column":null}},"90":{"start":{"line":195,"column":6},"end":{"line":195,"column":null}},"91":{"start":{"line":197,"column":6},"end":{"line":197,"column":null}},"92":{"start":{"line":201,"column":27},"end":{"line":204,"column":null}},"93":{"start":{"line":202,"column":4},"end":{"line":202,"column":null}},"94":{"start":{"line":202,"column":15},"end":{"line":202,"column":null}},"95":{"start":{"line":203,"column":4},"end":{"line":203,"column":null}},"96":{"start":{"line":206,"column":2},"end":{"line":364,"column":null}},"97":{"start":{"line":234,"column":33},"end":{"line":234,"column":null}},"98":{"start":{"line":250,"column":18},"end":{"line":250,"column":null}},"99":{"start":{"line":250,"column":49},"end":{"line":250,"column":null}},"100":{"start":{"line":263,"column":20},"end":{"line":274,"column":null}},"101":{"start":{"line":267,"column":37},"end":{"line":267,"column":null}},"102":{"start":{"line":303,"column":31},"end":{"line":303,"column":null}},"103":{"start":{"line":307,"column":16},"end":{"line":309,"column":null}},"104":{"start":{"line":326,"column":31},"end":{"line":326,"column":null}},"105":{"start":{"line":330,"column":16},"end":{"line":332,"column":null}},"106":{"start":{"line":349,"column":31},"end":{"line":349,"column":null}},"107":{"start":{"line":356,"column":51},"end":{"line":356,"column":76}}},"fnMap":{"0":{"name":"useDebounce","decl":{"start":{"line":48,"column":9},"end":{"line":48,"column":24}},"loc":{"start":{"line":48,"column":52},"end":{"line":55,"column":null}},"line":48},"1":{"name":"(anonymous_1)","decl":{"start":{"line":50,"column":12},"end":{"line":50,"column":18}},"loc":{"start":{"line":50,"column":18},"end":{"line":53,"column":5}},"line":50},"2":{"name":"(anonymous_2)","decl":{"start":{"line":51,"column":29},"end":{"line":51,"column":35}},"loc":{"start":{"line":51,"column":35},"end":{"line":51,"column":56}},"line":51},"3":{"name":"(anonymous_3)","decl":{"start":{"line":52,"column":11},"end":{"line":52,"column":17}},"loc":{"start":{"line":52,"column":17},"end":{"line":52,"column":null}},"line":52},"4":{"name":"AppointmentDialog","decl":{"start":{"line":57,"column":24},"end":{"line":57,"column":42}},"loc":{"start":{"line":62,"column":27},"end":{"line":366,"column":null}},"line":62},"5":{"name":"(anonymous_5)","decl":{"start":{"line":90,"column":12},"end":{"line":90,"column":18}},"loc":{"start":{"line":90,"column":18},"end":{"line":112,"column":5}},"line":90},"6":{"name":"(anonymous_6)","decl":{"start":{"line":93,"column":12},"end":{"line":93,"column":13}},"loc":{"start":{"line":93,"column":38},"end":{"line":106,"column":7}},"line":93},"7":{"name":"(anonymous_7)","decl":{"start":{"line":95,"column":38},"end":{"line":95,"column":39}},"loc":{"start":{"line":95,"column":42},"end":{"line":96,"column":null}},"line":95},"8":{"name":"(anonymous_8)","decl":{"start":{"line":102,"column":28},"end":{"line":102,"column":29}},"loc":{"start":{"line":102,"column":35},"end":{"line":102,"column":51}},"line":102},"9":{"name":"(anonymous_9)","decl":{"start":{"line":107,"column":13},"end":{"line":107,"column":19}},"loc":{"start":{"line":107,"column":19},"end":{"line":107,"column":33}},"line":107},"10":{"name":"(anonymous_10)","decl":{"start":{"line":110,"column":12},"end":{"line":110,"column":13}},"loc":{"start":{"line":110,"column":45},"end":{"line":110,"column":68}},"line":110},"11":{"name":"(anonymous_11)","decl":{"start":{"line":111,"column":13},"end":{"line":111,"column":19}},"loc":{"start":{"line":111,"column":19},"end":{"line":111,"column":40}},"line":111},"12":{"name":"(anonymous_12)","decl":{"start":{"line":114,"column":12},"end":{"line":114,"column":18}},"loc":{"start":{"line":114,"column":18},"end":{"line":118,"column":5}},"line":114},"13":{"name":"(anonymous_13)","decl":{"start":{"line":121,"column":12},"end":{"line":121,"column":18}},"loc":{"start":{"line":121,"column":18},"end":{"line":136,"column":5}},"line":121},"14":{"name":"(anonymous_14)","decl":{"start":{"line":130,"column":12},"end":{"line":130,"column":13}},"loc":{"start":{"line":130,"column":42},"end":{"line":133,"column":7}},"line":130},"15":{"name":"(anonymous_15)","decl":{"start":{"line":134,"column":13},"end":{"line":134,"column":19}},"loc":{"start":{"line":134,"column":19},"end":{"line":134,"column":40}},"line":134},"16":{"name":"(anonymous_16)","decl":{"start":{"line":135,"column":15},"end":{"line":135,"column":21}},"loc":{"start":{"line":135,"column":21},"end":{"line":135,"column":45}},"line":135},"17":{"name":"(anonymous_17)","decl":{"start":{"line":139,"column":12},"end":{"line":139,"column":18}},"loc":{"start":{"line":139,"column":18},"end":{"line":147,"column":5}},"line":139},"18":{"name":"(anonymous_18)","decl":{"start":{"line":140,"column":31},"end":{"line":140,"column":32}},"loc":{"start":{"line":140,"column":50},"end":{"line":144,"column":null}},"line":140},"19":{"name":"(anonymous_19)","decl":{"start":{"line":146,"column":11},"end":{"line":146,"column":17}},"loc":{"start":{"line":146,"column":17},"end":{"line":146,"column":null}},"line":146},"20":{"name":"(anonymous_20)","decl":{"start":{"line":149,"column":42},"end":{"line":149,"column":43}},"loc":{"start":{"line":149,"column":70},"end":{"line":153,"column":5}},"line":149},"21":{"name":"(anonymous_21)","decl":{"start":{"line":155,"column":36},"end":{"line":155,"column":37}},"loc":{"start":{"line":155,"column":80},"end":{"line":161,"column":null}},"line":155},"22":{"name":"(anonymous_22)","decl":{"start":{"line":163,"column":20},"end":{"line":163,"column":26}},"loc":{"start":{"line":163,"column":26},"end":{"line":172,"column":null}},"line":163},"23":{"name":"(anonymous_23)","decl":{"start":{"line":174,"column":21},"end":{"line":174,"column":33}},"loc":{"start":{"line":174,"column":33},"end":{"line":199,"column":null}},"line":174},"24":{"name":"(anonymous_24)","decl":{"start":{"line":201,"column":27},"end":{"line":201,"column":28}},"loc":{"start":{"line":201,"column":46},"end":{"line":204,"column":null}},"line":201},"25":{"name":"(anonymous_25)","decl":{"start":{"line":234,"column":26},"end":{"line":234,"column":27}},"loc":{"start":{"line":234,"column":33},"end":{"line":234,"column":null}},"line":234},"26":{"name":"(anonymous_26)","decl":{"start":{"line":249,"column":25},"end":{"line":249,"column":31}},"loc":{"start":{"line":249,"column":31},"end":{"line":251,"column":null}},"line":249},"27":{"name":"(anonymous_27)","decl":{"start":{"line":262,"column":38},"end":{"line":262,"column":39}},"loc":{"start":{"line":263,"column":20},"end":{"line":274,"column":null}},"line":263},"28":{"name":"(anonymous_28)","decl":{"start":{"line":267,"column":31},"end":{"line":267,"column":37}},"loc":{"start":{"line":267,"column":37},"end":{"line":267,"column":null}},"line":267},"29":{"name":"(anonymous_29)","decl":{"start":{"line":303,"column":24},"end":{"line":303,"column":25}},"loc":{"start":{"line":303,"column":31},"end":{"line":303,"column":null}},"line":303},"30":{"name":"(anonymous_30)","decl":{"start":{"line":306,"column":27},"end":{"line":306,"column":28}},"loc":{"start":{"line":307,"column":16},"end":{"line":309,"column":null}},"line":307},"31":{"name":"(anonymous_31)","decl":{"start":{"line":326,"column":24},"end":{"line":326,"column":25}},"loc":{"start":{"line":326,"column":31},"end":{"line":326,"column":null}},"line":326},"32":{"name":"(anonymous_32)","decl":{"start":{"line":329,"column":34},"end":{"line":329,"column":35}},"loc":{"start":{"line":330,"column":16},"end":{"line":332,"column":null}},"line":330},"33":{"name":"(anonymous_33)","decl":{"start":{"line":349,"column":24},"end":{"line":349,"column":25}},"loc":{"start":{"line":349,"column":31},"end":{"line":349,"column":null}},"line":349},"34":{"name":"(anonymous_34)","decl":{"start":{"line":356,"column":45},"end":{"line":356,"column":51}},"loc":{"start":{"line":356,"column":51},"end":{"line":356,"column":76}},"line":356}},"branchMap":{"0":{"loc":{"start":{"line":91,"column":4},"end":{"line":91,"column":null}},"type":"if","locations":[{"start":{"line":91,"column":4},"end":{"line":91,"column":null}},{"start":{},"end":{}}],"line":91},"1":{"loc":{"start":{"line":96,"column":11},"end":{"line":96,"column":38}},"type":"binary-expr","locations":[{"start":{"line":96,"column":11},"end":{"line":96,"column":26}},{"start":{"line":96,"column":26},"end":{"line":96,"column":38}}],"line":96},"2":{"loc":{"start":{"line":96,"column":52},"end":{"line":96,"column":79}},"type":"binary-expr","locations":[{"start":{"line":96,"column":52},"end":{"line":96,"column":67}},{"start":{"line":96,"column":67},"end":{"line":96,"column":79}}],"line":96},"3":{"loc":{"start":{"line":99,"column":8},"end":{"line":105,"column":null}},"type":"if","locations":[{"start":{"line":99,"column":8},"end":{"line":105,"column":null}},{"start":{},"end":{}}],"line":99},"4":{"loc":{"start":{"line":101,"column":12},"end":{"line":103,"column":null}},"type":"cond-expr","locations":[{"start":{"line":102,"column":16},"end":{"line":102,"column":null}},{"start":{"line":103,"column":16},"end":{"line":103,"column":null}}],"line":101},"5":{"loc":{"start":{"line":102,"column":16},"end":{"line":102,"column":null}},"type":"binary-expr","locations":[{"start":{"line":102,"column":16},"end":{"line":102,"column":56}},{"start":{"line":102,"column":56},"end":{"line":102,"column":null}}],"line":102},"6":{"loc":{"start":{"line":115,"column":4},"end":{"line":117,"column":null}},"type":"if","locations":[{"start":{"line":115,"column":4},"end":{"line":117,"column":null}},{"start":{},"end":{}}],"line":115},"7":{"loc":{"start":{"line":122,"column":4},"end":{"line":122,"column":null}},"type":"if","locations":[{"start":{"line":122,"column":4},"end":{"line":122,"column":null}},{"start":{},"end":{}}],"line":122},"8":{"loc":{"start":{"line":123,"column":4},"end":{"line":127,"column":null}},"type":"if","locations":[{"start":{"line":123,"column":4},"end":{"line":127,"column":null}},{"start":{},"end":{}}],"line":123},"9":{"loc":{"start":{"line":141,"column":6},"end":{"line":143,"column":null}},"type":"if","locations":[{"start":{"line":141,"column":6},"end":{"line":143,"column":null}},{"start":{},"end":{}}],"line":141},"10":{"loc":{"start":{"line":141,"column":10},"end":{"line":141,"column":80}},"type":"binary-expr","locations":[{"start":{"line":141,"column":10},"end":{"line":141,"column":32}},{"start":{"line":141,"column":32},"end":{"line":141,"column":80}}],"line":141},"11":{"loc":{"start":{"line":158,"column":4},"end":{"line":160,"column":null}},"type":"if","locations":[{"start":{"line":158,"column":4},"end":{"line":160,"column":null}},{"start":{},"end":{}}],"line":158},"12":{"loc":{"start":{"line":169,"column":12},"end":{"line":169,"column":36}},"type":"binary-expr","locations":[{"start":{"line":169,"column":12},"end":{"line":169,"column":34}},{"start":{"line":169,"column":34},"end":{"line":169,"column":36}}],"line":169},"13":{"loc":{"start":{"line":175,"column":4},"end":{"line":178,"column":null}},"type":"if","locations":[{"start":{"line":175,"column":4},"end":{"line":178,"column":null}},{"start":{},"end":{}}],"line":175},"14":{"loc":{"start":{"line":175,"column":8},"end":{"line":175,"column":64}},"type":"binary-expr","locations":[{"start":{"line":175,"column":8},"end":{"line":175,"column":28}},{"start":{"line":175,"column":28},"end":{"line":175,"column":45}},{"start":{"line":175,"column":45},"end":{"line":175,"column":64}}],"line":175},"15":{"loc":{"start":{"line":187,"column":15},"end":{"line":187,"column":null}},"type":"binary-expr","locations":[{"start":{"line":187,"column":15},"end":{"line":187,"column":24}},{"start":{"line":187,"column":24},"end":{"line":187,"column":null}}],"line":187},"16":{"loc":{"start":{"line":188,"column":24},"end":{"line":188,"column":null}},"type":"binary-expr","locations":[{"start":{"line":188,"column":24},"end":{"line":188,"column":45}},{"start":{"line":188,"column":45},"end":{"line":188,"column":null}}],"line":188},"17":{"loc":{"start":{"line":195,"column":15},"end":{"line":195,"column":72}},"type":"cond-expr","locations":[{"start":{"line":195,"column":38},"end":{"line":195,"column":52}},{"start":{"line":195,"column":52},"end":{"line":195,"column":72}}],"line":195},"18":{"loc":{"start":{"line":202,"column":4},"end":{"line":202,"column":null}},"type":"if","locations":[{"start":{"line":202,"column":4},"end":{"line":202,"column":null}},{"start":{},"end":{}}],"line":202},"19":{"loc":{"start":{"line":217,"column":11},"end":{"line":220,"column":null}},"type":"binary-expr","locations":[{"start":{"line":217,"column":11},"end":{"line":217,"column":null}},{"start":{"line":218,"column":12},"end":{"line":220,"column":null}}],"line":217},"20":{"loc":{"start":{"line":227,"column":28},"end":{"line":227,"column":54}},"type":"binary-expr","locations":[{"start":{"line":227,"column":28},"end":{"line":227,"column":50}},{"start":{"line":227,"column":50},"end":{"line":227,"column":54}}],"line":227},"21":{"loc":{"start":{"line":250,"column":18},"end":{"line":250,"column":null}},"type":"if","locations":[{"start":{"line":250,"column":18},"end":{"line":250,"column":null}},{"start":{},"end":{}}],"line":250},"22":{"loc":{"start":{"line":254,"column":15},"end":{"line":257,"column":null}},"type":"binary-expr","locations":[{"start":{"line":254,"column":15},"end":{"line":254,"column":null}},{"start":{"line":255,"column":16},"end":{"line":257,"column":null}}],"line":254},"23":{"loc":{"start":{"line":260,"column":15},"end":{"line":276,"column":null}},"type":"binary-expr","locations":[{"start":{"line":260,"column":15},"end":{"line":260,"column":38}},{"start":{"line":260,"column":38},"end":{"line":260,"column":null}},{"start":{"line":261,"column":16},"end":{"line":276,"column":null}}],"line":260},"24":{"loc":{"start":{"line":271,"column":23},"end":{"line":272,"column":null}},"type":"binary-expr","locations":[{"start":{"line":271,"column":23},"end":{"line":271,"column":null}},{"start":{"line":272,"column":24},"end":{"line":272,"column":null}}],"line":271},"25":{"loc":{"start":{"line":279,"column":15},"end":{"line":282,"column":null}},"type":"binary-expr","locations":[{"start":{"line":279,"column":15},"end":{"line":279,"column":38}},{"start":{"line":279,"column":38},"end":{"line":279,"column":57}},{"start":{"line":279,"column":57},"end":{"line":279,"column":88}},{"start":{"line":279,"column":88},"end":{"line":279,"column":null}},{"start":{"line":280,"column":16},"end":{"line":282,"column":null}}],"line":279},"26":{"loc":{"start":{"line":286,"column":13},"end":{"line":292,"column":null}},"type":"binary-expr","locations":[{"start":{"line":286,"column":13},"end":{"line":286,"column":null}},{"start":{"line":287,"column":14},"end":{"line":292,"column":null}}],"line":286},"27":{"loc":{"start":{"line":303,"column":51},"end":{"line":303,"column":79}},"type":"binary-expr","locations":[{"start":{"line":303,"column":51},"end":{"line":303,"column":77}},{"start":{"line":303,"column":77},"end":{"line":303,"column":79}}],"line":303},"28":{"loc":{"start":{"line":308,"column":19},"end":{"line":308,"column":null}},"type":"binary-expr","locations":[{"start":{"line":308,"column":19},"end":{"line":308,"column":34}},{"start":{"line":308,"column":34},"end":{"line":308,"column":null}}],"line":308},"29":{"loc":{"start":{"line":312,"column":13},"end":{"line":315,"column":null}},"type":"binary-expr","locations":[{"start":{"line":312,"column":13},"end":{"line":312,"column":null}},{"start":{"line":313,"column":14},"end":{"line":315,"column":null}}],"line":312},"30":{"loc":{"start":{"line":335,"column":13},"end":{"line":338,"column":null}},"type":"binary-expr","locations":[{"start":{"line":335,"column":13},"end":{"line":335,"column":null}},{"start":{"line":336,"column":14},"end":{"line":338,"column":null}}],"line":335},"31":{"loc":{"start":{"line":360,"column":13},"end":{"line":360,"column":null}},"type":"cond-expr","locations":[{"start":{"line":360,"column":23},"end":{"line":360,"column":43}},{"start":{"line":360,"column":43},"end":{"line":360,"column":null}}],"line":360}},"s":{"0":0,"1":0,"2":0,"3":0,"4":0,"5":0,"6":0,"7":0,"8":0,"9":0,"10":0,"11":0,"12":0,"13":0,"14":0,"15":0,"16":0,"17":0,"18":0,"19":0,"20":0,"21":0,"22":0,"23":0,"24":0,"25":0,"26":0,"27":0,"28":0,"29":0,"30":0,"31":0,"32":0,"33":0,"34":0,"35":0,"36":0,"37":0,"38":0,"39":0,"40":0,"41":0,"42":0,"43":0,"44":0,"45":0,"46":0,"47":0,"48":0,"49":0,"50":0,"51":0,"52":0,"53":0,"54":0,"55":0,"56":0,"57":0,"58":0,"59":0,"60":0,"61":0,"62":0,"63":0,"64":0,"65":0,"66":0,"67":0,"68":0,"69":0,"70":0,"71":0,"72":0,"73":0,"74":0,"75":0,"76":0,"77":0,"78":0,"79":0,"80":0,"81":0,"82":0,"83":0,"84":0,"85":0,"86":0,"87":0,"88":0,"89":0,"90":0,"91":0,"92":0,"93":0,"94":0,"95":0,"96":0,"97":0,"98":0,"99":0,"100":0,"101":0,"102":0,"103":0,"104":0,"105":0,"106":0,"107":0},"f":{"0":0,"1":0,"2":0,"3":0,"4":0,"5":0,"6":0,"7":0,"8":0,"9":0,"10":0,"11":0,"12":0,"13":0,"14":0,"15":0,"16":0,"17":0,"18":0,"19":0,"20":0,"21":0,"22":0,"23":0,"24":0,"25":0,"26":0,"27":0,"28":0,"29":0,"30":0,"31":0,"32":0,"33":0,"34":0},"b":{"0":[0,0],"1":[0,0],"2":[0,0],"3":[0,0],"4":[0,0],"5":[0,0],"6":[0,0],"7":[0,0],"8":[0,0],"9":[0,0],"10":[0,0],"11":[0,0],"12":[0,0],"13":[0,0],"14":[0,0,0],"15":[0,0],"16":[0,0],"17":[0,0],"18":[0,0],"19":[0,0],"20":[0,0],"21":[0,0],"22":[0,0],"23":[0,0,0],"24":[0,0],"25":[0,0,0,0,0],"26":[0,0],"27":[0,0],"28":[0,0],"29":[0,0],"30":[0,0],"31":[0,0]},"meta":{"lastBranch":32,"lastFunction":35,"lastStatement":108,"seen":{"f:48:9:48:24":0,"s:49:32:49:Infinity":0,"s:50:2:53:Infinity":1,"f:50:12:50:18":1,"s:51:18:51:Infinity":2,"f:51:29:51:35":2,"s:51:35:51:56":3,"s:52:4:52:Infinity":4,"f:52:11:52:17":3,"s:52:17:52:Infinity":5,"s:54:2:54:Infinity":6,"f:57:24:57:42":4,"s:63:15:63:Infinity":7,"s:66:40:66:Infinity":8,"s:67:42:67:Infinity":9,"s:68:44:68:Infinity":10,"s:69:52:69:Infinity":11,"s:70:42:70:Infinity":12,"s:71:8:71:Infinity":13,"s:74:28:74:Infinity":14,"s:75:46:75:Infinity":15,"s:78:42:78:Infinity":16,"s:79:48:79:Infinity":17,"s:82:22:82:Infinity":18,"s:83:24:83:Infinity":19,"s:84:28:84:Infinity":20,"s:85:24:85:Infinity":21,"s:87:26:87:Infinity":22,"s:90:2:112:Infinity":23,"f:90:12:90:18":5,"b:91:4:91:Infinity:undefined:undefined:undefined:undefined":0,"s:91:4:91:Infinity":24,"s:91:17:91:Infinity":25,"s:92:4:107:Infinity":26,"f:93:12:93:13":6,"s:95:23:97:Infinity":27,"f:95:38:95:39":7,"s:95:42:96:Infinity":28,"b:96:11:96:26:96:26:96:38":1,"b:96:52:96:67:96:67:96:79":2,"s:98:8:98:Infinity":29,"b:99:8:105:Infinity:undefined:undefined:undefined:undefined":3,"s:99:8:105:Infinity":30,"s:101:12:103:Infinity":31,"b:102:16:102:Infinity:103:16:103:Infinity":4,"b:102:16:102:56:102:56:102:Infinity":5,"f:102:28:102:29":8,"s:102:35:102:51":32,"s:104:10:104:Infinity":33,"f:107:13:107:19":9,"s:107:19:107:33":34,"s:109:4:111:Infinity":35,"f:110:12:110:13":10,"s:110:45:110:68":36,"f:111:13:111:19":11,"s:111:19:111:40":37,"s:114:2:118:Infinity":38,"f:114:12:114:18":12,"b:115:4:117:Infinity:undefined:undefined:undefined:undefined":6,"s:115:4:117:Infinity":39,"s:116:6:116:Infinity":40,"s:121:2:136:Infinity":41,"f:121:12:121:18":13,"b:122:4:122:Infinity:undefined:undefined:undefined:undefined":7,"s:122:4:122:Infinity":42,"s:122:17:122:Infinity":43,"b:123:4:127:Infinity:undefined:undefined:undefined:undefined":8,"s:123:4:127:Infinity":44,"s:124:6:124:Infinity":45,"s:125:6:125:Infinity":46,"s:126:6:126:Infinity":47,"s:128:4:128:Infinity":48,"s:129:4:135:Infinity":49,"f:130:12:130:13":14,"s:131:8:131:Infinity":50,"s:132:8:132:Infinity":51,"f:134:13:134:19":15,"s:134:19:134:40":52,"f:135:15:135:21":16,"s:135:21:135:45":53,"s:139:2:147:Infinity":54,"f:139:12:139:18":17,"s:140:31:144:Infinity":55,"f:140:31:140:32":18,"b:141:6:143:Infinity:undefined:undefined:undefined:undefined":9,"s:141:6:143:Infinity":56,"b:141:10:141:32:141:32:141:80":10,"s:142:8:142:Infinity":57,"s:145:4:145:Infinity":58,"s:146:4:146:Infinity":59,"f:146:11:146:17":19,"s:146:17:146:Infinity":60,"s:149:8:153:Infinity":61,"f:149:42:149:43":20,"s:150:4:150:Infinity":62,"s:151:4:151:Infinity":63,"s:152:4:152:Infinity":64,"s:155:36:161:Infinity":65,"f:155:36:155:37":21,"s:156:16:156:Infinity":66,"s:157:4:157:Infinity":67,"b:158:4:160:Infinity:undefined:undefined:undefined:undefined":11,"s:158:4:160:Infinity":68,"s:159:6:159:Infinity":69,"s:163:20:172:Infinity":70,"f:163:20:163:26":22,"s:164:4:164:Infinity":71,"s:165:4:165:Infinity":72,"s:166:4:166:Infinity":73,"s:167:4:167:Infinity":74,"s:168:4:168:Infinity":75,"s:169:4:169:Infinity":76,"b:169:12:169:34:169:34:169:36":12,"s:170:4:170:Infinity":77,"s:171:4:171:Infinity":78,"s:174:21:199:Infinity":79,"f:174:21:174:33":23,"b:175:4:178:Infinity:undefined:undefined:undefined:undefined":13,"s:175:4:178:Infinity":80,"b:175:8:175:28:175:28:175:45:175:45:175:64":14,"s:176:6:176:Infinity":81,"s:177:6:177:Infinity":82,"s:179:4:179:Infinity":83,"s:180:4:180:Infinity":84,"s:181:4:198:Infinity":85,"s:182:6:190:Infinity":86,"b:187:15:187:24:187:24:187:Infinity":15,"b:188:24:188:45:188:45:188:Infinity":16,"s:191:6:191:Infinity":87,"s:192:6:192:Infinity":88,"s:193:6:193:Infinity":89,"s:195:6:195:Infinity":90,"b:195:38:195:52:195:52:195:72":17,"s:197:6:197:Infinity":91,"s:201:27:204:Infinity":92,"f:201:27:201:28":24,"b:202:4:202:Infinity:undefined:undefined:undefined:undefined":18,"s:202:4:202:Infinity":93,"s:202:15:202:Infinity":94,"s:203:4:203:Infinity":95,"s:206:2:364:Infinity":96,"b:217:11:217:Infinity:218:12:220:Infinity":19,"b:227:28:227:50:227:50:227:54":20,"f:234:26:234:27":25,"s:234:33:234:Infinity":97,"f:249:25:249:31":26,"b:250:18:250:Infinity:undefined:undefined:undefined:undefined":21,"s:250:18:250:Infinity":98,"s:250:49:250:Infinity":99,"b:254:15:254:Infinity:255:16:257:Infinity":22,"b:260:15:260:38:260:38:260:Infinity:261:16:276:Infinity":23,"f:262:38:262:39":27,"s:263:20:274:Infinity":100,"f:267:31:267:37":28,"s:267:37:267:Infinity":101,"b:271:23:271:Infinity:272:24:272:Infinity":24,"b:279:15:279:38:279:38:279:57:279:57:279:88:279:88:279:Infinity:280:16:282:Infinity":25,"b:286:13:286:Infinity:287:14:292:Infinity":26,"f:303:24:303:25":29,"s:303:31:303:Infinity":102,"b:303:51:303:77:303:77:303:79":27,"f:306:27:306:28":30,"s:307:16:309:Infinity":103,"b:308:19:308:34:308:34:308:Infinity":28,"b:312:13:312:Infinity:313:14:315:Infinity":29,"f:326:24:326:25":31,"s:326:31:326:Infinity":104,"f:329:34:329:35":32,"s:330:16:332:Infinity":105,"b:335:13:335:Infinity:336:14:338:Infinity":30,"f:349:24:349:25":33,"s:349:31:349:Infinity":106,"f:356:45:356:51":34,"s:356:51:356:76":107,"b:360:23:360:43:360:43:360:Infinity":31}}}
,"D:\\laian\\Desktop\\Yaman\\projects\\yasca-dental\\frontend\\src\\app\\components\\ClinicSettingsPage.tsx": {"path":"D:\\laian\\Desktop\\Yaman\\projects\\yasca-dental\\frontend\\src\\app\\components\\ClinicSettingsPage.tsx","statementMap":{"0":{"start":{"line":10,"column":13},"end":{"line":18,"column":null}},"1":{"start":{"line":27,"column":15},"end":{"line":27,"column":null}},"2":{"start":{"line":28,"column":18},"end":{"line":28,"column":null}},"3":{"start":{"line":30,"column":30},"end":{"line":34,"column":null}},"4":{"start":{"line":35,"column":28},"end":{"line":35,"column":null}},"5":{"start":{"line":36,"column":26},"end":{"line":36,"column":null}},"6":{"start":{"line":37,"column":24},"end":{"line":37,"column":null}},"7":{"start":{"line":38,"column":28},"end":{"line":38,"column":null}},"8":{"start":{"line":40,"column":2},"end":{"line":52,"column":null}},"9":{"start":{"line":41,"column":4},"end":{"line":41,"column":null}},"10":{"start":{"line":42,"column":4},"end":{"line":51,"column":null}},"11":{"start":{"line":44,"column":8},"end":{"line":48,"column":null}},"12":{"start":{"line":50,"column":19},"end":{"line":50,"column":50}},"13":{"start":{"line":51,"column":21},"end":{"line":51,"column":38}},"14":{"start":{"line":54,"column":20},"end":{"line":62,"column":null}},"15":{"start":{"line":55,"column":4},"end":{"line":55,"column":null}},"16":{"start":{"line":55,"column":18},"end":{"line":55,"column":null}},"17":{"start":{"line":56,"column":4},"end":{"line":61,"column":null}},"18":{"start":{"line":56,"column":27},"end":{"line":61,"column":6}},"19":{"start":{"line":59,"column":39},"end":{"line":59,"column":48}},"20":{"start":{"line":60,"column":44},"end":{"line":60,"column":87}},"21":{"start":{"line":64,"column":21},"end":{"line":86,"column":null}},"22":{"start":{"line":65,"column":4},"end":{"line":65,"column":null}},"23":{"start":{"line":66,"column":4},"end":{"line":66,"column":null}},"24":{"start":{"line":67,"column":4},"end":{"line":67,"column":null}},"25":{"start":{"line":68,"column":4},"end":{"line":85,"column":null}},"26":{"start":{"line":69,"column":19},"end":{"line":73,"column":null}},"27":{"start":{"line":74,"column":6},"end":{"line":78,"column":null}},"28":{"start":{"line":79,"column":6},"end":{"line":79,"column":null}},"29":{"start":{"line":80,"column":6},"end":{"line":80,"column":null}},"30":{"start":{"line":80,"column":23},"end":{"line":80,"column":42}},"31":{"start":{"line":82,"column":6},"end":{"line":82,"column":null}},"32":{"start":{"line":84,"column":6},"end":{"line":84,"column":null}},"33":{"start":{"line":88,"column":2},"end":{"line":95,"column":null}},"34":{"start":{"line":89,"column":4},"end":{"line":93,"column":null}},"35":{"start":{"line":97,"column":2},"end":{"line":214,"column":null}},"36":{"start":{"line":136,"column":18},"end":{"line":136,"column":null}},"37":{"start":{"line":136,"column":41},"end":{"line":136,"column":86}},"38":{"start":{"line":149,"column":18},"end":{"line":149,"column":null}},"39":{"start":{"line":149,"column":41},"end":{"line":149,"column":84}},"40":{"start":{"line":167,"column":29},"end":{"line":167,"column":null}},"41":{"start":{"line":168,"column":14},"end":{"line":183,"column":null}},"42":{"start":{"line":173,"column":33},"end":{"line":173,"column":null}},"43":{"start":{"line":199,"column":32},"end":{"line":199,"column":68}},"44":{"start":{"line":200,"column":26},"end":{"line":200,"column":33}}},"fnMap":{"0":{"name":"ClinicSettingsPage","decl":{"start":{"line":26,"column":24},"end":{"line":26,"column":45}},"loc":{"start":{"line":26,"column":45},"end":{"line":216,"column":null}},"line":26},"1":{"name":"(anonymous_1)","decl":{"start":{"line":40,"column":12},"end":{"line":40,"column":18}},"loc":{"start":{"line":40,"column":18},"end":{"line":52,"column":5}},"line":40},"2":{"name":"(anonymous_2)","decl":{"start":{"line":43,"column":12},"end":{"line":43,"column":13}},"loc":{"start":{"line":43,"column":42},"end":{"line":49,"column":7}},"line":43},"3":{"name":"(anonymous_3)","decl":{"start":{"line":50,"column":13},"end":{"line":50,"column":19}},"loc":{"start":{"line":50,"column":19},"end":{"line":50,"column":50}},"line":50},"4":{"name":"(anonymous_4)","decl":{"start":{"line":51,"column":15},"end":{"line":51,"column":21}},"loc":{"start":{"line":51,"column":21},"end":{"line":51,"column":38}},"line":51},"5":{"name":"(anonymous_5)","decl":{"start":{"line":54,"column":20},"end":{"line":54,"column":21}},"loc":{"start":{"line":54,"column":37},"end":{"line":62,"column":null}},"line":54},"6":{"name":"(anonymous_6)","decl":{"start":{"line":56,"column":16},"end":{"line":56,"column":17}},"loc":{"start":{"line":56,"column":27},"end":{"line":61,"column":6}},"line":56},"7":{"name":"(anonymous_7)","decl":{"start":{"line":59,"column":32},"end":{"line":59,"column":33}},"loc":{"start":{"line":59,"column":39},"end":{"line":59,"column":48}},"line":59},"8":{"name":"(anonymous_8)","decl":{"start":{"line":60,"column":40},"end":{"line":60,"column":41}},"loc":{"start":{"line":60,"column":44},"end":{"line":60,"column":87}},"line":60},"9":{"name":"(anonymous_9)","decl":{"start":{"line":64,"column":21},"end":{"line":64,"column":33}},"loc":{"start":{"line":64,"column":33},"end":{"line":86,"column":null}},"line":64},"10":{"name":"(anonymous_10)","decl":{"start":{"line":80,"column":17},"end":{"line":80,"column":23}},"loc":{"start":{"line":80,"column":23},"end":{"line":80,"column":42}},"line":80},"11":{"name":"(anonymous_11)","decl":{"start":{"line":135,"column":26},"end":{"line":135,"column":27}},"loc":{"start":{"line":136,"column":18},"end":{"line":136,"column":null}},"line":136},"12":{"name":"(anonymous_12)","decl":{"start":{"line":136,"column":30},"end":{"line":136,"column":31}},"loc":{"start":{"line":136,"column":41},"end":{"line":136,"column":86}},"line":136},"13":{"name":"(anonymous_13)","decl":{"start":{"line":148,"column":26},"end":{"line":148,"column":27}},"loc":{"start":{"line":149,"column":18},"end":{"line":149,"column":null}},"line":149},"14":{"name":"(anonymous_14)","decl":{"start":{"line":149,"column":30},"end":{"line":149,"column":31}},"loc":{"start":{"line":149,"column":41},"end":{"line":149,"column":84}},"line":149},"15":{"name":"(anonymous_15)","decl":{"start":{"line":166,"column":22},"end":{"line":166,"column":23}},"loc":{"start":{"line":166,"column":31},"end":{"line":185,"column":13}},"line":166},"16":{"name":"(anonymous_16)","decl":{"start":{"line":173,"column":27},"end":{"line":173,"column":33}},"loc":{"start":{"line":173,"column":33},"end":{"line":173,"column":null}},"line":173},"17":{"name":"(anonymous_17)","decl":{"start":{"line":199,"column":25},"end":{"line":199,"column":26}},"loc":{"start":{"line":199,"column":32},"end":{"line":199,"column":68}},"line":199},"18":{"name":"(anonymous_18)","decl":{"start":{"line":200,"column":19},"end":{"line":200,"column":20}},"loc":{"start":{"line":200,"column":26},"end":{"line":200,"column":33}},"line":200}},"branchMap":{"0":{"loc":{"start":{"line":45,"column":27},"end":{"line":45,"column":null}},"type":"binary-expr","locations":[{"start":{"line":45,"column":27},"end":{"line":45,"column":68}},{"start":{"line":45,"column":68},"end":{"line":45,"column":null}}],"line":45},"1":{"loc":{"start":{"line":46,"column":25},"end":{"line":46,"column":null}},"type":"binary-expr","locations":[{"start":{"line":46,"column":25},"end":{"line":46,"column":64}},{"start":{"line":46,"column":64},"end":{"line":46,"column":null}}],"line":46},"2":{"loc":{"start":{"line":47,"column":21},"end":{"line":47,"column":null}},"type":"binary-expr","locations":[{"start":{"line":47,"column":21},"end":{"line":47,"column":52}},{"start":{"line":47,"column":52},"end":{"line":47,"column":null}}],"line":47},"3":{"loc":{"start":{"line":55,"column":4},"end":{"line":55,"column":null}},"type":"if","locations":[{"start":{"line":55,"column":4},"end":{"line":55,"column":null}},{"start":{},"end":{}}],"line":55},"4":{"loc":{"start":{"line":58,"column":17},"end":{"line":60,"column":null}},"type":"cond-expr","locations":[{"start":{"line":59,"column":10},"end":{"line":59,"column":null}},{"start":{"line":60,"column":10},"end":{"line":60,"column":null}}],"line":58},"5":{"loc":{"start":{"line":60,"column":51},"end":{"line":60,"column":71}},"type":"cond-expr","locations":[{"start":{"line":60,"column":61},"end":{"line":60,"column":65}},{"start":{"line":60,"column":65},"end":{"line":60,"column":71}}],"line":60},"6":{"loc":{"start":{"line":60,"column":71},"end":{"line":60,"column":87}},"type":"cond-expr","locations":[{"start":{"line":60,"column":81},"end":{"line":60,"column":85}},{"start":{"line":60,"column":85},"end":{"line":60,"column":87}}],"line":60},"7":{"loc":{"start":{"line":75,"column":25},"end":{"line":75,"column":null}},"type":"binary-expr","locations":[{"start":{"line":75,"column":25},"end":{"line":75,"column":66}},{"start":{"line":75,"column":66},"end":{"line":75,"column":null}}],"line":75},"8":{"loc":{"start":{"line":76,"column":23},"end":{"line":76,"column":null}},"type":"binary-expr","locations":[{"start":{"line":76,"column":23},"end":{"line":76,"column":62}},{"start":{"line":76,"column":62},"end":{"line":76,"column":null}}],"line":76},"9":{"loc":{"start":{"line":77,"column":19},"end":{"line":77,"column":null}},"type":"binary-expr","locations":[{"start":{"line":77,"column":19},"end":{"line":77,"column":50}},{"start":{"line":77,"column":50},"end":{"line":77,"column":null}}],"line":77},"10":{"loc":{"start":{"line":82,"column":15},"end":{"line":82,"column":75}},"type":"cond-expr","locations":[{"start":{"line":82,"column":38},"end":{"line":82,"column":52}},{"start":{"line":82,"column":52},"end":{"line":82,"column":75}}],"line":82},"11":{"loc":{"start":{"line":88,"column":2},"end":{"line":95,"column":null}},"type":"if","locations":[{"start":{"line":88,"column":2},"end":{"line":95,"column":null}},{"start":{},"end":{}}],"line":88},"12":{"loc":{"start":{"line":102,"column":9},"end":{"line":105,"column":null}},"type":"binary
[...]
:99,"column":2},"end":{"line":99,"column":null}},{"start":{},"end":{}}],"line":99},"12":{"loc":{"start":{"line":104,"column":36},"end":{"line":104,"column":49}},"type":"default-arg","locations":[{"start":{"line":104,"column":45},"end":{"line":104,"column":49}}],"line":104},"13":{"loc":{"start":{"line":105,"column":17},"end":{"line":105,"column":null}},"type":"cond-expr","locations":[{"start":{"line":105,"column":26},"end":{"line":105,"column":68}},{"start":{"line":105,"column":68},"end":{"line":105,"column":null}}],"line":105},"14":{"loc":{"start":{"line":107,"column":2},"end":{"line":107,"column":null}},"type":"if","locations":[{"start":{"line":107,"column":2},"end":{"line":107,"column":null}},{"start":{},"end":{}}],"line":107},"15":{"loc":{"start":{"line":109,"column":9},"end":{"line":109,"column":null}},"type":"cond-expr","locations":[{"start":{"line":109,"column":24},"end":{"line":109,"column":39}},{"start":{"line":109,"column":39},"end":{"line":109,"column":null}}],"line":109},"16":{"loc":{"start":{"line":114,"column":2},"end":{"line":114,"column":null}},"type":"if","locations":[{"start":{"line":114,"column":2},"end":{"line":114,"column":null}},{"start":{},"end":{}}],"line":114},"17":{"loc":{"start":{"line":131,"column":2},"end":{"line":134,"column":null}},"type":"if","locations":[{"start":{"line":131,"column":2},"end":{"line":134,"column":null}},{"start":{},"end":{}}],"line":131},"18":{"loc":{"start":{"line":133,"column":20},"end":{"line":133,"column":75}},"type":"binary-expr","locations":[{"start":{"line":133,"column":20},"end":{"line":133,"column":34}},{"start":{"line":133,"column":34},"end":{"line":133,"column":57}},{"start":{"line":133,"column":57},"end":{"line":133,"column":75}}],"line":133},"19":{"loc":{"start":{"line":155,"column":2},"end":{"line":155,"column":null}},"type":"if","locations":[{"start":{"line":155,"column":2},"end":{"line":155,"column":null}},{"start":{},"end":{}}],"line":155},"20":{"loc":{"start":{"line":161,"column":17},"end":{"line":161,"column":null}},"type":"cond-expr","locations":[{"start":{"line":161,"column":24},"end":{"line":161,"column":42}},{"start":{"line":161,"column":42},"end":{"line":161,"column":null}}],"line":161},"21":{"loc":{"start":{"line":163,"column":2},"end":{"line":163,"column":null}},"type":"if","locations":[{"start":{"line":163,"column":2},"end":{"line":163,"column":null}},{"start":{},"end":{}}],"line":163},"22":{"loc":{"start":{"line":165,"column":9},"end":{"line":165,"column":null}},"type":"cond-expr","locations":[{"start":{"line":165,"column":24},"end":{"line":165,"column":39}},{"start":{"line":165,"column":39},"end":{"line":165,"column":null}}],"line":165},"23":{"loc":{"start":{"line":170,"column":2},"end":{"line":170,"column":null}},"type":"if","locations":[{"start":{"line":170,"column":2},"end":{"line":170,"column":null}},{"start":{},"end":{}}],"line":170},"24":{"loc":{"start":{"line":172,"column":9},"end":{"line":172,"column":null}},"type":"cond-expr","locations":[{"start":{"line":172,"column":24},"end":{"line":172,"column":39}},{"start":{"line":172,"column":39},"end":{"line":172,"column":null}}],"line":172},"25":{"loc":{"start":{"line":193,"column":14},"end":{"line":193,"column":null}},"type":"binary-expr","locations":[{"start":{"line":193,"column":14},"end":{"line":193,"column":29}},{"start":{"line":193,"column":29},"end":{"line":193,"column":null}}],"line":193},"26":{"loc":{"start":{"line":196,"column":2},"end":{"line":199,"column":null}},"type":"if","locations":[{"start":{"line":196,"column":2},"end":{"line":199,"column":null}},{"start":{},"end":{}}],"line":196},"27":{"loc":{"start":{"line":198,"column":20},"end":{"line":198,"column":77}},"type":"binary-expr","locations":[{"start":{"line":198,"column":20},"end":{"line":198,"column":34}},{"start":{"line":198,"column":34},"end":{"line":198,"column":57}},{"start":{"line":198,"column":57},"end":{"line":198,"column":77}}],"line":198},"28":{"loc":{"start":{"line":211,"column":2},"end":{"line":211,"column":null}},"type":"if","locations":[{"start":{"line":211,"column":2},"end":{"line":211,"column":null}},{"start":{},"end":{}}],"line":211},"29":{"loc":{"start":{"line":219,"column":2},"end":{"line":219,"column":null}},"type":"if","locations":[{"start":{"line":219,"column":2},"end":{"line":219,"column":null}},{"start":{},"end":{}}],"line":219},"30":{"loc":{"start":{"line":225,"column":2},"end":{"line":225,"column":null}},"type":"if","locations":[{"start":{"line":225,"column":2},"end":{"line":225,"column":null}},{"start":{},"end":{}}],"line":225},"31":{"loc":{"start":{"line":232,"column":2},"end":{"line":232,"column":null}},"type":"if","locations":[{"start":{"line":232,"column":2},"end":{"line":232,"column":null}},{"start":{},"end":{}}],"line":232},"32":{"loc":{"start":{"line":238,"column":17},"end":{"line":238,"column":null}},"type":"cond-expr","locations":[{"start":{"line":238,"column":29},"end":{"line":238,"column":55}},{"start":{"line":238,"column":55},"end":{"line":238,"column":null}}],"line":238},"33":{"loc":{"start":{"line":240,"column":2},"end":{"line":240,"column":null}},"type":"if","locations":[{"start":{"line":240,"column":2},"end":{"line":240,"column":null}},{"start":{},"end":{}}],"line":240},"34":{"loc":{"start":{"line":242,"column":9},"end":{"line":242,"column":null}},"type":"cond-expr","locations":[{"start":{"line":242,"column":24},"end":{"line":242,"column":39}},{"start":{"line":242,"column":39},"end":{"line":242,"column":null}}],"line":242},"35":{"loc":{"start":{"line":259,"column":2},"end":{"line":262,"column":null}},"type":"if","locations":[{"start":{"line":259,"column":2},"end":{"line":262,"column":null}},{"start":{},"end":{}}],"line":259},"36":{"loc":{"start":{"line":261,"column":20},"end":{"line":261,"column":76}},"type":"binary-expr","locations":[{"start":{"line":261,"column":20},"end":{"line":261,"column":34}},{"start":{"line":261,"column":34},"end":{"line":261,"column":57}},{"start":{"line":261,"column":57},"end":{"line":261,"column":76}}],"line":261},"37":{"loc":{"start":{"line":269,"column":2},"end":{"line":269,"column":null}},"type":"if","locations":[{"start":{"line":269,"column":2},"end":{"line":269,"column":null}},{"start":{},"end":{}}],"line":269},"38":{"loc":{"start":{"line":271,"column":9},"end":{"line":271,"column":null}},"type":"cond-expr","locations":[{"start":{"line":271,"column":24},"end":{"line":271,"column":39}},{"start":{"line":271,"column":39},"end":{"line":271,"column":null}}],"line":271},"39":{"loc":{"start":{"line":276,"column":17},"end":{"line":276,"column":null}},"type":"cond-expr","locations":[{"start":{"line":276,"column":29},"end":{"line":276,"column":55}},{"start":{"line":276,"column":55},"end":{"line":276,"column":null}}],"line":276},"40":{"loc":{"start":{"line":278,"column":2},"end":{"line":278,"column":null}},"type":"if","locations":[{"start":{"line":278,"column":2},"end":{"line":278,"column":null}},{"start":{},"end":{}}],"line":278},"41":{"loc":{"start":{"line":280,"column":9},"end":{"line":280,"column":null}},"type":"cond-expr","locations":[{"start":{"line":280,"column":24},"end":{"line":280,"column":39}},{"start":{"line":280,"column":39},"end":{"line":280,"column":null}}],"line":280},"42":{"loc":{"start":{"line":293,"column":2},"end":{"line":296,"column":null}},"type":"if","locations":[{"start":{"line":293,"column":2},"end":{"line":296,"column":null}},{"start":{},"end":{}}],"line":293},"43":{"loc":{"start":{"line":295,"column":20},"end":{"line":295,"column":75}},"type":"binary-expr","locations":[{"start":{"line":295,"column":20},"end":{"line":295,"column":34}},{"start":{"line":295,"column":34},"end":{"line":295,"column":57}},{"start":{"line":295,"column":57},"end":{"line":295,"column":75}}],"line":295},"44":{"loc":{"start":{"line":303,"column":2},"end":{"line":303,"column":null}},"type":"if","locations":[{"start":{"line":303,"column":2},"end":{"line":303,"column":null}},{"start":{},"end":{}}],"line":303},"45":{"loc":{"start":{"line":316,"column":2},"end":{"line":319,"column":null}},"type":"if","locations":[{"start":{"line":316,"column":2},"end":{"line":319,"column":null}},{"start":{},"end":{}}],"line":316},"46":{"loc":{"start":{"line":318,"column":20},"end":{"line":318,"column":80}},"type":"binary-expr","locations":[{"start":{"line":318,"column":20},"end":{"line":318,"column":34}},{"start":{"line":318,"column":34},"end":{"line":318,"column":57}},{"start":{"line":318,"column":57},"end":{"line":318,"column":80}}],"line":318},"47":{"loc":{"start":{"line":326,"column":2},"end":{"line":326,"column":null}},"type":"if","locations":[{"start":{"line":326,"column":2},"end":{"line":326,"column":null}},{"start":{},"end":{}}],"line":326},"48":{"loc":{"start":{"line":328,"column":9},"end":{"line":328,"column":null}},"type":"cond-expr","locations":[{"start":{"line":328,"column":24},"end":{"line":328,"column":39}},{"start":{"line":328,"column":39},"end":{"line":328,"column":null}}],"line":328},"49":{"loc":{"start":{"line":341,"column":10},"end":{"line":341,"column":null}},"type":"cond-expr","locations":[{"start":{"line":341,"column":18},"end":{"line":341,"column":57}},{"start":{"line":341,"column":57},"end":{"line":341,"column":null}}],"line":341},"50":{"loc":{"start":{"line":346,"column":2},"end":{"line":349,"column":null}},"type":"if","locations":[{"start":{"line":346,"column":2},"end":{"line":349,"column":null}},{"start":{},"end":{}}],"line":346},"51":{"loc":{"start":{"line":348,"column":20},"end":{"line":348,"column":55}},"type":"binary-expr","locations":[{"start":{"line":348,"column":20},"end":{"line":348,"column":34}},{"start":{"line":348,"column":34},"end":{"line":348,"column":55}}],"line":348},"52":{"loc":{"start":{"line":357,"column":2},"end":{"line":357,"column":null}},"type":"if","locations":[{"start":{"line":357,"column":2},"end":{"line":357,"column":null}},{"start":{},"end":{}}],"line":357}},"s":{"0":2,"1":2,"2":15,"3":15,"4":2,"5":25,"6":2,"7":5,"8":2,"9":5,"10":5,"11":5,"12":2,"13":13,"14":13,"15":2,"16":2,"17":2,"18":3,"19":3,"20":0,"21":3,"22":3,"23":3,"24":1,"25":2,"26":2,"27":2,"28":0,"29":11,"30":13,"31":13,"32":2,"33":13,"34":11,"35":11,"36":3,"37":3,"38":3,"39":3,"40":3,"41":3,"42":2,"43":11,"44":2,"45":11,"46":3,"47":3,"48":1,"49":0,"50":1,"51":2,"52":2,"53":2,"54":8,"55":8,"56":2,"57":6,"58":3,"59":3,"60":3,"61":0,"62":3,"63":3,"64":0,"65":0,"66":0,"67":0,"68":0,"69":0,"70":0,"71":0,"72":0,"73":0,"74":0,"75":0,"76":0,"77":0,"78":0,"79":0,"80":0,"81":0,"82":0,"83":0,"84":0,"85":0,"86":0,"87":0,"88":0,"89":0,"90":0,"91":0,"92":0,"93":0,"94":0,"95":0,"96":0,"97":0,"98":0,"99":0,"100":0,"101":0,"102":0,"103":0,"104":0,"105":0,"106":0,"107":0,"108":0,"109":0,"110":0,"111":0,"112":0,"113":0,"114":0,"115":0,"116":0,"117":0,"118":0,"119":0,"120":0,"121":0,"122":0,"123":0,"124":0,"125":0,"126":0,"127":0,"128":0,"129":0,"130":0,"131":0,"132":0,"133":0,"134":0,"135":0,"136":0,"137":0,"138":0,"139":0,"140":0,"141":0,"142":0,"143":0,"144":0,"145":0,"146":0,"147":0,"148":0,"149":0,"150":0,"151":0,"152":0,"153":0,"154":0,"155":0,"156":0,"157":0,"158":0,"159":0,"160":0,"161":0,"162":0,"163":0,"164":0,"165":0,"166":0,"167":0},"f":{"0":15,"1":25,"2":5,"3":5,"4":13,"5":3,"6":11,"7":13,"8":3,"9":0,"10":8,"11":3,"12":0,"13":0,"14":0,"15":0,"16":0,"17":0,"18":0,"19":0,"20":0,"21":0,"22":0,"23":0,"24":0,"25":0,"26":0,"27":0,"28":0,"29":0,"30":0,"31":0,"32":0,"33":0,"34":0,"35":0,"36":0,"37":0},"b":{"0":[13,0],"1":[0,3],"2":[1,2],"3":[11],"4":[2,11],"5":[3,8],"6":[11,3],"7":[2,1],"8":[2,9],"9":[1,2],"10":[1,0],"11":[2,6],"12":[3],"13":[1,2],"14":[0,3],"15":[2,1],"16":[0,0],"17":[0,0],"18":[0,0,0],"19":[0,0],"20":[0,0],"21":[0,0],"22":[0,0],"23":[0,0],"24":[0,0],"25":[0,0],"26":[0,0],"27":[0,0,0],"28":[0,0],"29":[0,0],"30":[0,0],"31":[0,0],"32":[0,0],"33":[0,0],"34":[0,0],"35":[0,0],"36":[0,0,0],"37":[0,0],"38":[0,0],"39":[0,0],"40":[0,0],"41":[0,0],"42":[0,0],"43":[0,0,0],"44":[0,0],"45":[0,0],"46":[0,0,0],"47":[0,0],"48":[0,0],"49":[0,0],"50":[0,0],"51":[0,0],"52":[0,0]},"meta":{"lastBranch":53,"lastFunction":38,"lastStatement":168,"seen":{"s:6:17:6:Infinity":0,"s:8:25:11:Infinity":1,"f:8:25:8:26":0,"s:9:2:9:Infinity":2,"s:10:2:10:Infinity":3,"s:13:30:13:Infinity":4,"f:13:30:13:36":1,"s:13:36:13:Infinity":5,"s:14:31:14:Infinity":6,"f:14:31:14:37":2,"s:14:37:14:Infinity":7,"s:16:25:20:Infinity":8,"f:16:25:16:31":3,"s:17:2:17:Infinity":9,"s:18:2:18:Infinity":10,"s:19:2:19:Infinity":11,"s:22:23:28:Infinity":12,"f:22:23:22:42":4,"s:23:16:23:Infinity":13,"s:24:2:27:Infinity":14,"b:26:16:26:55:26:55:26:Infinity":0,"s:30:17:30:Infinity":15,"s:31:52:31:Infinity":16,"s:33:27:49:Infinity":17,"f:33:27:33:63":5,"s:34:18:34:Infinity":18,"b:35:2:35:Infinity:undefined:undefined:undefined:undefined":1,"s:35:2:35:Infinity":19,"s:35:16:35:Infinity":20,"s:36:2:48:Infinity":21,"s:37:16:41:Infinity":22,"b:42:4:42:Infinity:undefined:undefined:undefined:undefined":2,"s:42:4:42:Infinity":23,"s:42:17:42:Infinity":24,"s:43:17:43:Infinity":25,"s:44:4:44:Infinity":26,"s:45:4:45:Infinity":27,"s:47:4:47:Infinity":28,"f:51:15:51:Infinity":6,"b:53:25:53:Infinity":3,"s:55:18:59:Infinity":29,"f:55:18:55:19":7,"s:56:20:56:Infinity":30,"b:57:4:57:Infinity:undefined:undefined:undefined:undefined":4,"s:57:4:57:Infinity":31,"s:57:15:57:Infinity":32,"s:58:4:58:Infinity":33,"s:61:12:61:Infinity":34,"b:63:2:72:Infinity:undefined:undefined:undefined:undefined":5,"s:63:2:72:Infinity":35,"b:63:6:63:28:63:28:63:41":6,"s:64:4:64:Infinity":36,"s:65:4:65:Infinity":37,"s:66:21:66:Infinity":38,"s:67:4:67:Infinity":39,"s:68:4:68:Infinity":40,"b:69:4:71:Infinity:undefined:undefined:undefined:undefined":7,"s:69:4:71:Infinity":41,"s:70:6:70:Infinity":42,"b:74:2:76:Infinity:undefined:undefined:undefined:undefined":8,"s:74:2:76:Infinity":43,"s:75:4:75:Infinity":44,"s:78:2:78:Infinity":45,"f:82:22:82:28":8,"s:83:14:87:Infinity":46,"b:88:2:91:Infinity:undefined:undefined:undefined:undefined":9,"s:88:2:91:Infinity":47,"s:89:16:89:Infinity":48,"f:89:39:89:46":9,"s:89:46:89:49":49,"s:90:4:90:Infinity":50,"b:90:20:90:34:90:34:90:51":10,"s:92:15:92:Infinity":51,"s:93:2:93:Infinity":52,"s:94:2:94:Infinity":53,"f:97:22:97:41":10,"s:98:14:98:Infinity":54,"b:99:2:99:Infinity:undefined:undefined:undefined:undefined":11,"s:99:2:99:Infinity":55,"s:99:15:99:Infinity":56,"s:100:2:100:Infinity":57,"f:104:22:104:36":11,"b:104:45:104:49":12,"s:105:17:105:Infinity":58,"b:105:26:105:68:105:68:105:Infinity":13,"s:106:14:106:Infinity":59,"b:107:2:107:Infinity:undefined:undefined:undefined:undefined":14,"s:107:2:107:Infinity":60,"s:107:15:107:Infinity":61,"s:108:15:108:Infinity":62,"s:109:2:109:Infinity":63,"b:109:24:109:39:109:39:109:Infinity":15,"f:112:22:112:35":12,"s:113:14:113:Infinity":64,"b:114:2:114:Infinity:undefined:undefined:undefined:undefined":16,"s:114:2:114:Infinity":65,"s:114:15:114:Infinity":66,"s:115:2:115:Infinity":67,"f:118:22:118:36":13,"s:127:14:130:Infinity":68,"b:131:2:134:Infinity:undefined:undefined:undefined:undefined":17,"s:131:2:134:Infinity":69,"s:132:16:132:Infinity":70,"f:132:39:132:46":14,"s:132:46:132:49":71,"s:133:4:133:Infinity":72,"b:133:20:133:34:133:34:133:57:133:57:133:75":18,"s:135:2:135:Infinity":73,"f:138:22:138:Infinity":15,"s:151:14:154:Infinity":74,"b:155:2:155:Infinity:undefined:undefined:undefined:undefined":19,"s:155:2:155:Infinity":75,"s:155:15:155:Infinity":76,"s:156:2:156:Infinity":77,"f:160:22:160:40":16,"s:161:17:161:Infinity":78,"b:161:24:161:42:161:42:161:Infinity":20,"s:162:14:162:Infinity":79,"b:163:2:163:Infinity:undefined:undefined:undefined:undefined":21,"s:163:2:163:Infinity":80,"s:163:15:163:Infinity":81,"s:164:15:164:Infinity":82,"s:165:2:165:Infinity":83,"b:165:24:165:39:165:39:165:Infinity":22,"f:168:22:168:47":17,"s:169:14:169:Infinity":84,"b:170:2:170:Infinity:undefined:undefined:undefined:undefined":23,"s:170:2:170:Infinity":85,"s:170:15:170:Infinity":86,"s:171:15:171:Infinity":87,"s:172:2:172:Infinity":88,"b:172:24:172:39:172:39:172:Infinity":24,"f:175:22:175:40":18,"s:184:14:195:Infinity":89,"b:193:14:193:29:193:29:193:Infinity":25,"b:196:2:199:Infinity:undefined:undefined:undefined:undefined":26,"s:196:2:199:Infinity":90,"s:197:16:197:Infinity":91,"f:197:39:197:46":19,"s:197:46:197:49":92,"s:198:4:198:Infinity":93,"b:198:20:198:34:198:34:198:57:198:57:198:77":27,"s:200:2:200:Infinity":94,"f:203:22:203:Infinity":20,"s:207:14:210:Infinity":95,"b:211:2:211:Infinity:undefined:undefined:undefined:undefined":28,"s:211:2:211:Infinity":96,"s:211:15:211:Infinity":97,"s:212:2:212:Infinity":98,"f:215:22:215:40":21,"s:216:14:218:Infinity":99,"b:219:2:219:Infinity:undefined:undefined:undefined:undefined":29,"s:219:2:219:Infinity":100,"s:219:15:219:Infinity":101,"f:223:22:223:44":22,"s:224:14:224:Infinity":102,"b:225:2:225:Infinity:undefined:undefined:undefined:undefined":30,"s:225:2:225:Infinity":103,"s:225:15:225:Infinity":104,"s:226:2:226:Infinity":105,"f:230:22:230:37":23,"s:231:14:231:Infinity":106,"b:232:2:232:Infinity:undefined:undefined:undefined:undefined":31,"s:232:2:232:Infinity":107,"s:232:15:232:Infinity":108,"s:233:2:233:Infinity":109,"f:237:22:237:38":24,"s:238:17:238:Infinity":110,"b:238:29:238:55:238:55:238:Infinity":32,"s:239:14:239:Infinity":111,"b:240:2:240:Infinity:undefined:undefined:undefined:undefined":33,"s:240:2:240:Infinity":112,"s:240:15:240:Infinity":113,"s:241:15:241:Infinity":114,"s:242:2:242:Infinity":115,"b:242:24:242:39:242:39:242:Infinity":34,"f:245:22:245:38":25,"s:255:14:258:Infinity":116,"b:259:2:262:Infinity:undefined:undefined:undefined:undefined":35,"s:259:2:262:Infinity":117,"s:260:16:260:Infinity":118,"f:260:39:260:46":26,"s:260:46:260:49":119,"s:261:4:261:Infinity":120,"b:261:20:261:34:261:34:261:57:261:57:261:76":36,"s:263:2:263:Infinity":121,"f:267:22:267:44":27,"s:268:14:268:Infinity":122,"b:269:2:269:Infinity:undefined:undefined:undefined:undefined":37,"s:269:2:269:Infinity":123,"s:269:15:269:Infinity":124,"s:270:15:270:Infinity":125,"s:271:2:271:Infinity":126,"b:271:24:271:39:271:39:271:Infinity":38,"f:275:22:275:36":28,"s:276:17:276:Infinity":127,"b:276:29:276:55:276:55:276:Infinity":39,"s:277:14:277:Infinity":128,"b:278:2:278:Infinity:undefined:undefined:undefined:undefined":40,"s:278:2:278:Infinity":129,"s:278:15:278:Infinity":130,"s:279:15:279:Infinity":131,"s:280:2:280:Infinity":132,"b:280:24:280:39:280:39:280:Infinity":41,"f:283:22:283:36":29,"s:289:14:292:Infinity":133,"b:293:2:296:Infinity:undefined:undefined:undefined:undefined":42,"s:293:2:296:Infinity":134,"s:294:16:294:Infinity":135,"f:294:39:294:46":30,"s:294:46:294:49":136,"s:295:4:295:Infinity":137,"b:295:20:295:34:295:34:295:57:295:57:295:75":43,"s:297:2:297:Infinity":138,"f:301:22:301:44":31,"s:302:14:302:Infinity":139,"b:303:2:303:Infinity:undefined:undefined:undefined:undefined":44,"s:303:2:303:Infinity":140,"s:303:15:303:Infinity":141,"s:304:2:304:Infinity":142,"f:307:22:307:43":32,"s:312:14:315:Infinity":143,"b:316:2:319:Infinity:undefined:undefined:undefined:undefined":45,"s:316:2:319:Infinity":144,"s:317:16:317:Infinity":145,"f:317:39:317:46":33,"s:317:46:317:49":146,"s:318:4:318:Infinity":147,"b:318:20:318:34:318:34:318:57:318:57:318:80":46,"s:320:2:320:Infinity":148,"f:324:22:324:44":34,"s:325:14:325:Infinity":149,"b:326:2:326:Infinity:undefined:undefined:undefined:undefined":47,"s:326:2:326:Infinity":150,"s:326:15:326:Infinity":151,"s:327:15:327:Infinity":152,"s:328:2:328:Infinity":153,"b:328:24:328:39:328:39:328:Infinity":48,"f:331:22:331:37":35,"s:332:16:332:Infinity":154,"s:333:19:333:Infinity":155,"s:334:2:334:Infinity":156,"s:335:2:335:Infinity":157,"s:336:2:336:Infinity":158,"s:338:14:344:Infinity":159,"b:341:18:341:57:341:57:341:Infinity":49,"b:346:2:349:Infinity:undefined:undefined:undefined:undefined":50,"s:346:2:349:Infinity":160,"s:347:16:347:Infinity":161,"f:347:39:347:46":36,"s:347:46:347:49":162,"s:348:4:348:Infinity":163,"b:348:20:348:34:348:34:348:55":51,"s:350:2:350:Infinity":164,"f:353:22:353:37":37,"s:354:14:356:Infinity":165,"b:357:2:357:Infinity:undefined:undefined:undefined:undefined":52,"s:357:2:357:Infinity":166,"s:357:15:357:Infinity":167}}}
}
